2021-02-27 06:51:29.091  INFO 7920 --- [main] tn.esprit.pi.KeedoAppApplication         : Starting KeedoAppApplication using Java 1.8.0_60 on DESKTOP-BU9ET8T with PID 7920 (C:\Products\workspace-sts\KeedoApp\target\classes started by User in C:\Products\workspace-sts\KeedoApp)
2021-02-27 06:51:29.103  INFO 7920 --- [main] tn.esprit.pi.KeedoAppApplication         : No active profile set, falling back to default profiles: default
2021-02-27 06:51:32.335  INFO 7920 --- [main] o.apache.catalina.core.StandardService   : Starting service [Tomcat]
2021-02-27 06:51:32.336  INFO 7920 --- [main] org.apache.catalina.core.StandardEngine  : Starting Servlet engine: [Apache Tomcat/9.0.43]
2021-02-27 06:51:32.533  INFO 7920 --- [main] o.a.c.c.C.[Tomcat].[localhost].[/]       : Initializing Spring embedded WebApplicationContext
2021-02-27 06:51:33.344  INFO 7920 --- [main] o.hibernate.jpa.internal.util.LogHelper  : HHH000204: Processing PersistenceUnitInfo [name: default]
2021-02-27 06:51:33.654  INFO 7920 --- [main] org.hibernate.Version                    : HHH000412: Hibernate ORM core version 5.4.28.Final
2021-02-27 06:51:37.624  INFO 7920 --- [main] o.hibernate.annotations.common.Version   : HCANN000001: Hibernate Commons Annotations {5.1.2.Final}
2021-02-27 06:52:09.637  INFO 7920 --- [main] org.hibernate.dialect.Dialect            : HHH000400: Using dialect: org.hibernate.dialect.MySQL5InnoDBDialect
2021-02-27 06:52:15.031  WARN 7920 --- [main] org.hibernate.mapping.RootClass          : HHH000038: Composite-id class does not override equals(): tn.esprit.pi.entities.ClaimPK
2021-02-27 06:52:15.032  WARN 7920 --- [main] org.hibernate.mapping.RootClass          : HHH000039: Composite-id class does not override hashCode(): tn.esprit.pi.entities.ClaimPK
2021-02-27 06:52:22.757  INFO 7920 --- [main] o.h.e.t.j.p.i.JtaPlatformInitiator       : HHH000490: Using JtaPlatform implementation: [org.hibernate.engine.transaction.jta.platform.internal.NoJtaPlatform]
2021-02-27 06:52:23.015  WARN 7920 --- [main] JpaBaseConfiguration$JpaWebConfiguration : spring.jpa.open-in-view is enabled by default. Therefore, database queries may be performed during view rendering. Explicitly configure spring.jpa.open-in-view to disable this warning
2021-02-27 06:52:30.802  INFO 7920 --- [main] tn.esprit.pi.KeedoAppApplication         : Started KeedoAppApplication in 62.351 seconds (JVM running for 63.595)
2021-02-27 07:22:48.262  INFO 7920 --- [http-nio-8282-exec-2] o.a.c.c.C.[Tomcat].[localhost].[/]       : Initializing Spring DispatcherServlet 'dispatcherServlet'
2021-02-27 07:22:49.317  WARN 7920 --- [http-nio-8282-exec-2] .w.s.m.s.DefaultHandlerExceptionResolver : Resolved [org.springframework.http.converter.HttpMessageNotReadableException: JSON parse error: Cannot deserialize value of type `int` from String "yasmine.ferchichi@esprit.tn": not a valid Integer value; nested exception is com.fasterxml.jackson.databind.exc.InvalidFormatException: Cannot deserialize value of type `int` from String "yasmine.ferchichi@esprit.tn": not a valid Integer value
 at [Source: (PushbackInputStream); line: 2, column: 11] (through reference chain: tn.esprit.pi.entities.Doctor["email"])]
2021-02-27 07:25:15.892  INFO 5932 --- [main] tn.esprit.pi.KeedoAppApplication         : Starting KeedoAppApplication using Java 1.8.0_60 on DESKTOP-BU9ET8T with PID 5932 (C:\Products\workspace-sts\KeedoApp\target\classes started by User in C:\Products\workspace-sts\KeedoApp)
2021-02-27 07:25:15.897  INFO 5932 --- [main] tn.esprit.pi.KeedoAppApplication         : No active profile set, falling back to default profiles: default
2021-02-27 07:25:18.476  INFO 5932 --- [main] o.apache.catalina.core.StandardService   : Starting service [Tomcat]
2021-02-27 07:25:18.478  INFO 5932 --- [main] org.apache.catalina.core.StandardEngine  : Starting Servlet engine: [Apache Tomcat/9.0.43]
2021-02-27 07:25:18.745  INFO 5932 --- [main] o.a.c.c.C.[Tomcat].[localhost].[/]       : Initializing Spring embedded WebApplicationContext
2021-02-27 07:25:19.374  INFO 5932 --- [main] o.hibernate.jpa.internal.util.LogHelper  : HHH000204: Processing PersistenceUnitInfo [name: default]
2021-02-27 07:25:19.745  INFO 5932 --- [main] org.hibernate.Version                    : HHH000412: Hibernate ORM core version 5.4.28.Final
2021-02-27 07:25:20.193  INFO 5932 --- [main] o.hibernate.annotations.common.Version   : HCANN000001: Hibernate Commons Annotations {5.1.2.Final}
2021-02-27 07:25:21.849  INFO 5932 --- [main] org.hibernate.dialect.Dialect            : HHH000400: Using dialect: org.hibernate.dialect.MySQL5InnoDBDialect
2021-02-27 07:25:22.804  WARN 5932 --- [main] org.hibernate.mapping.RootClass          : HHH000038: Composite-id class does not override equals(): tn.esprit.pi.entities.ClaimPK
2021-02-27 07:25:22.804  WARN 5932 --- [main] org.hibernate.mapping.RootClass          : HHH000039: Composite-id class does not override hashCode(): tn.esprit.pi.entities.ClaimPK
2021-02-27 07:25:24.882  INFO 5932 --- [main] o.h.e.t.j.p.i.JtaPlatformInitiator       : HHH000490: Using JtaPlatform implementation: [org.hibernate.engine.transaction.jta.platform.internal.NoJtaPlatform]
2021-02-27 07:25:25.041  WARN 5932 --- [main] JpaBaseConfiguration$JpaWebConfiguration : spring.jpa.open-in-view is enabled by default. Therefore, database queries may be performed during view rendering. Explicitly configure spring.jpa.open-in-view to disable this warning
2021-02-27 07:25:27.795  INFO 5932 --- [main] tn.esprit.pi.KeedoAppApplication         : Started KeedoAppApplication in 12.543 seconds (JVM running for 13.888)
2021-02-27 07:25:36.393  INFO 5932 --- [http-nio-8282-exec-2] o.a.c.c.C.[Tomcat].[localhost].[/]       : Initializing Spring DispatcherServlet 'dispatcherServlet'
2021-02-27 07:25:39.213 ERROR 5932 --- [http-nio-8282-exec-2] o.a.c.c.C.[.[.[/].[dispatcherServlet]    : Servlet.service() for servlet [dispatcherServlet] in context with path [] threw exception [Request processing failed; nested exception is java.util.NoSuchElementException: No value present] with root cause

java.util.NoSuchElementException: No value present
	at java.util.Optional.get(Optional.java:135) ~[na:1.8.0_60]
	at tn.esprit.pi.services.DoctorService.addDoctor(DoctorService.java:23) ~[classes/:na]
	at tn.esprit.pi.controllers.DoctorController.addDoctor(DoctorController.java:25) ~[classes/:na]
	at sun.reflect.NativeMethodAccessorImpl.invoke0(Native Method) ~[na:1.8.0_60]
	at sun.reflect.NativeMethodAccessorImpl.invoke(NativeMethodAccessorImpl.java:62) ~[na:1.8.0_60]
	at sun.reflect.DelegatingMethodAccessorImpl.invoke(DelegatingMethodAccessorImpl.java:43) ~[na:1.8.0_60]
	at java.lang.reflect.Method.invoke(Method.java:497) ~[na:1.8.0_60]
	at org.springframework.web.method.support.InvocableHandlerMethod.doInvoke(InvocableHandlerMethod.java:197) ~[spring-web-5.3.4.jar:5.3.4]
	at org.springframework.web.method.support.InvocableHandlerMethod.invokeForRequest(InvocableHandlerMethod.java:141) ~[spring-web-5.3.4.jar:5.3.4]
	at org.springframework.web.servlet.mvc.method.annotation.ServletInvocableHandlerMethod.invokeAndHandle(ServletInvocableHandlerMethod.java:106) ~[spring-webmvc-5.3.4.jar:5.3.4]
	at org.springframework.web.servlet.mvc.method.annotation.RequestMappingHandlerAdapter.invokeHandlerMethod(RequestMappingHandlerAdapter.java:894) ~[spring-webmvc-5.3.4.jar:5.3.4]
	at org.springframework.web.servlet.mvc.method.annotation.RequestMappingHandlerAdapter.handleInternal(RequestMappingHandlerAdapter.java:808) ~[spring-webmvc-5.3.4.jar:5.3.4]
	at org.springframework.web.servlet.mvc.method.AbstractHandlerMethodAdapter.handle(AbstractHandlerMethodAdapter.java:87) ~[spring-webmvc-5.3.4.jar:5.3.4]
	at org.springframework.web.servlet.DispatcherServlet.doDispatch(DispatcherServlet.java:1060) ~[spring-webmvc-5.3.4.jar:5.3.4]
	at org.springframework.web.servlet.DispatcherServlet.doService(DispatcherServlet.java:962) ~[spring-webmvc-5.3.4.jar:5.3.4]
	at org.springframework.web.servlet.FrameworkServlet.processRequest(FrameworkServlet.java:1006) ~[spring-webmvc-5.3.4.jar:5.3.4]
	at org.springframework.web.servlet.FrameworkServlet.doPost(FrameworkServlet.java:909) ~[spring-webmvc-5.3.4.jar:5.3.4]
	at javax.servlet.http.HttpServlet.service(HttpServlet.java:652) ~[tomcat-embed-core-9.0.43.jar:4.0.FR]
	at org.springframework.web.servlet.FrameworkServlet.service(FrameworkServlet.java:883) ~[spring-webmvc-5.3.4.jar:5.3.4]
	at javax.servlet.http.HttpServlet.service(HttpServlet.java:733) ~[tomcat-embed-core-9.0.43.jar:4.0.FR]
	at org.apache.catalina.core.ApplicationFilterChain.internalDoFilter(ApplicationFilterChain.java:227) ~[tomcat-embed-core-9.0.43.jar:9.0.43]
	at org.apache.catalina.core.ApplicationFilterChain.doFilter(ApplicationFilterChain.java:162) ~[tomcat-embed-core-9.0.43.jar:9.0.43]
	at org.apache.tomcat.websocket.server.WsFilter.doFilter(WsFilter.java:53) ~[tomcat-embed-websocket-9.0.43.jar:9.0.43]
	at org.apache.catalina.core.ApplicationFilterChain.internalDoFilter(ApplicationFilterChain.java:189) ~[tomcat-embed-core-9.0.43.jar:9.0.43]
	at org.apache.catalina.core.ApplicationFilterChain.doFilter(ApplicationFilterChain.java:162) ~[tomcat-embed-core-9.0.43.jar:9.0.43]
	at org.springframework.security.web.FilterChainProxy$VirtualFilterChain.doFilter(FilterChainProxy.java:327) ~[spring-security-web-5.4.5.jar:5.4.5]
	at org.springframework.security.web.access.intercept.FilterSecurityInterceptor.invoke(FilterSecurityInterceptor.java:115) ~[spring-security-web-5.4.5.jar:5.4.5]
	at org.springframework.security.web.access.intercept.FilterSecurityInterceptor.doFilter(FilterSecurityInterceptor.java:81) ~[spring-security-web-5.4.5.jar:5.4.5]
	at org.springframework.security.web.FilterChainProxy$VirtualFilterChain.doFilter(FilterChainProxy.java:336) ~[spring-security-web-5.4.5.jar:5.4.5]
	at org.springframework.security.web.access.ExceptionTranslationFilter.doFilter(ExceptionTranslationFilter.java:119) ~[spring-security-web-5.4.5.jar:5.4.5]
	at org.springframework.security.web.access.ExceptionTranslationFilter.doFilter(ExceptionTranslationFilter.java:113) ~[spring-security-web-5.4.5.jar:5.4.5]
	at org.springframework.security.web.FilterChainProxy$VirtualFilterChain.doFilter(FilterChainProxy.java:336) ~[spring-security-web-5.4.5.jar:5.4.5]
	at org.springframework.security.web.session.SessionManagementFilter.doFilter(SessionManagementFilter.java:126) ~[spring-security-web-5.4.5.jar:5.4.5]
	at org.springframework.security.web.session.SessionManagementFilter.doFilter(SessionManagementFilter.java:81) ~[spring-security-web-5.4.5.jar:5.4.5]
	at org.springframework.security.web.FilterChainProxy$VirtualFilterChain.doFilter(FilterChainProxy.java:336) ~[spring-security-web-5.4.5.jar:5.4.5]
	at org.springframework.security.web.authentication.AnonymousAuthenticationFilter.doFilter(AnonymousAuthenticationFilter.java:105) ~[spring-security-web-5.4.5.jar:5.4.5]
	at org.springframework.security.web.FilterChainProxy$VirtualFilterChain.doFilter(FilterChainProxy.java:336) ~[spring-security-web-5.4.5.jar:5.4.5]
	at org.springframework.security.web.servletapi.SecurityContextHolderAwareRequestFilter.doFilter(SecurityContextHolderAwareRequestFilter.java:149) ~[spring-security-web-5.4.5.jar:5.4.5]
	at org.springframework.security.web.FilterChainProxy$VirtualFilterChain.doFilter(FilterChainProxy.java:336) ~[spring-security-web-5.4.5.jar:5.4.5]
	at org.springframework.security.web.savedrequest.RequestCacheAwareFilter.doFilter(RequestCacheAwareFilter.java:63) ~[spring-security-web-5.4.5.jar:5.4.5]
	at org.springframework.security.web.FilterChainProxy$VirtualFilterChain.doFilter(FilterChainProxy.java:336) ~[spring-security-web-5.4.5.jar:5.4.5]
	at org.springframework.security.web.authentication.logout.LogoutFilter.doFilter(LogoutFilter.java:103) ~[spring-security-web-5.4.5.jar:5.4.5]
	at org.springframework.security.web.authentication.logout.LogoutFilter.doFilter(LogoutFilter.java:89) ~[spring-security-web-5.4.5.jar:5.4.5]
	at org.springframework.security.web.FilterChainProxy$VirtualFilterChain.doFilter(FilterChainProxy.java:336) ~[spring-security-web-5.4.5.jar:5.4.5]
	at org.springframework.security.web.header.HeaderWriterFilter.doHeadersAfter(HeaderWriterFilter.java:90) ~[spring-security-web-5.4.5.jar:5.4.5]
	at org.springframework.security.web.header.HeaderWriterFilter.doFilterInternal(HeaderWriterFilter.java:75) ~[spring-security-web-5.4.5.jar:5.4.5]
	at org.springframework.web.filter.OncePerRequestFilter.doFilter(OncePerRequestFilter.java:119) ~[spring-web-5.3.4.jar:5.3.4]
	at org.springframework.security.web.FilterChainProxy$VirtualFilterChain.doFilter(FilterChainProxy.java:336) ~[spring-security-web-5.4.5.jar:5.4.5]
	at org.springframework.security.web.context.SecurityContextPersistenceFilter.doFilter(SecurityContextPersistenceFilter.java:110) ~[spring-security-web-5.4.5.jar:5.4.5]
	at org.springframework.security.web.context.SecurityContextPersistenceFilter.doFilter(SecurityContextPersistenceFilter.java:80) ~[spring-security-web-5.4.5.jar:5.4.5]
	at org.springframework.security.web.FilterChainProxy$VirtualFilterChain.doFilter(FilterChainProxy.java:336) ~[spring-security-web-5.4.5.jar:5.4.5]
	at org.springframework.security.web.context.request.async.WebAsyncManagerIntegrationFilter.doFilterInternal(WebAsyncManagerIntegrationFilter.java:55) ~[spring-security-web-5.4.5.jar:5.4.5]
	at org.springframework.web.filter.OncePerRequestFilter.doFilter(OncePerRequestFilter.java:119) ~[spring-web-5.3.4.jar:5.3.4]
	at org.springframework.security.web.FilterChainProxy$VirtualFilterChain.doFilter(FilterChainProxy.java:336) ~[spring-security-web-5.4.5.jar:5.4.5]
	at org.springframework.security.web.FilterChainProxy.doFilterInternal(FilterChainProxy.java:211) ~[spring-security-web-5.4.5.jar:5.4.5]
	at org.springframework.security.web.FilterChainProxy.doFilter(FilterChainProxy.java:183) ~[spring-security-web-5.4.5.jar:5.4.5]
	at org.springframework.web.filter.DelegatingFilterProxy.invokeDelegate(DelegatingFilterProxy.java:358) ~[spring-web-5.3.4.jar:5.3.4]
	at org.springframework.web.filter.DelegatingFilterProxy.doFilter(DelegatingFilterProxy.java:271) ~[spring-web-5.3.4.jar:5.3.4]
	at org.apache.catalina.core.ApplicationFilterChain.internalDoFilter(ApplicationFilterChain.java:189) ~[tomcat-embed-core-9.0.43.jar:9.0.43]
	at org.apache.catalina.core.ApplicationFilterChain.doFilter(ApplicationFilterChain.java:162) ~[tomcat-embed-core-9.0.43.jar:9.0.43]
	at org.springframework.web.filter.RequestContextFilter.doFilterInternal(RequestContextFilter.java:100) ~[spring-web-5.3.4.jar:5.3.4]
	at org.springframework.web.filter.OncePerRequestFilter.doFilter(OncePerRequestFilter.java:119) ~[spring-web-5.3.4.jar:5.3.4]
	at org.apache.catalina.core.ApplicationFilterChain.internalDoFilter(ApplicationFilterChain.java:189) ~[tomcat-embed-core-9.0.43.jar:9.0.43]
	at org.apache.catalina.core.ApplicationFilterChain.doFilter(ApplicationFilterChain.java:162) ~[tomcat-embed-core-9.0.43.jar:9.0.43]
	at org.springframework.web.filter.FormContentFilter.doFilterInternal(FormContentFilter.java:93) ~[spring-web-5.3.4.jar:5.3.4]
	at org.springframework.web.filter.OncePerRequestFilter.doFilter(OncePerRequestFilter.java:119) ~[spring-web-5.3.4.jar:5.3.4]
	at org.apache.catalina.core.ApplicationFilterChain.internalDoFilter(ApplicationFilterChain.java:189) ~[tomcat-embed-core-9.0.43.jar:9.0.43]
	at org.apache.catalina.core.ApplicationFilterChain.doFilter(ApplicationFilterChain.java:162) ~[tomcat-embed-core-9.0.43.jar:9.0.43]
	at org.springframework.web.filter.CharacterEncodingFilter.doFilterInternal(CharacterEncodingFilter.java:201) ~[spring-web-5.3.4.jar:5.3.4]
	at org.springframework.web.filter.OncePerRequestFilter.doFilter(OncePerRequestFilter.java:119) ~[spring-web-5.3.4.jar:5.3.4]
	at org.apache.catalina.core.ApplicationFilterChain.internalDoFilter(ApplicationFilterChain.java:189) ~[tomcat-embed-core-9.0.43.jar:9.0.43]
	at org.apache.catalina.core.ApplicationFilterChain.doFilter(ApplicationFilterChain.java:162) ~[tomcat-embed-core-9.0.43.jar:9.0.43]
	at org.apache.catalina.core.StandardWrapperValve.invoke(StandardWrapperValve.java:202) ~[tomcat-embed-core-9.0.43.jar:9.0.43]
	at org.apache.catalina.core.StandardContextValve.invoke(StandardContextValve.java:97) [tomcat-embed-core-9.0.43.jar:9.0.43]
	at org.apache.catalina.authenticator.AuthenticatorBase.invoke(AuthenticatorBase.java:542) [tomcat-embed-core-9.0.43.jar:9.0.43]
	at org.apache.catalina.core.StandardHostValve.invoke(StandardHostValve.java:143) [tomcat-embed-core-9.0.43.jar:9.0.43]
	at org.apache.catalina.valves.ErrorReportValve.invoke(ErrorReportValve.java:92) [tomcat-embed-core-9.0.43.jar:9.0.43]
	at org.apache.catalina.core.StandardEngineValve.invoke(StandardEngineValve.java:78) [tomcat-embed-core-9.0.43.jar:9.0.43]
	at org.apache.catalina.connector.CoyoteAdapter.service(CoyoteAdapter.java:346) [tomcat-embed-core-9.0.43.jar:9.0.43]
	at org.apache.coyote.http11.Http11Processor.service(Http11Processor.java:374) [tomcat-embed-core-9.0.43.jar:9.0.43]
	at org.apache.coyote.AbstractProcessorLight.process(AbstractProcessorLight.java:65) [tomcat-embed-core-9.0.43.jar:9.0.43]
	at org.apache.coyote.AbstractProtocol$ConnectionHandler.process(AbstractProtocol.java:887) [tomcat-embed-core-9.0.43.jar:9.0.43]
	at org.apache.tomcat.util.net.NioEndpoint$SocketProcessor.doRun(NioEndpoint.java:1684) [tomcat-embed-core-9.0.43.jar:9.0.43]
	at org.apache.tomcat.util.net.SocketProcessorBase.run(SocketProcessorBase.java:49) [tomcat-embed-core-9.0.43.jar:9.0.43]
	at java.util.concurrent.ThreadPoolExecutor.runWorker(ThreadPoolExecutor.java:1142) [na:1.8.0_60]
	at java.util.concurrent.ThreadPoolExecutor$Worker.run(ThreadPoolExecutor.java:617) [na:1.8.0_60]
	at org.apache.tomcat.util.threads.TaskThread$WrappingRunnable.run(TaskThread.java:61) [tomcat-embed-core-9.0.43.jar:9.0.43]
	at java.lang.Thread.run(Thread.java:745) [na:1.8.0_60]

2021-02-27 07:27:34.307  WARN 5932 --- [http-nio-8282-exec-7] .w.s.m.s.DefaultHandlerExceptionResolver : Resolved [org.springframework.web.HttpRequestMethodNotSupportedException: Request method 'POST' not supported]
2021-02-27 07:31:48.683  WARN 5932 --- [http-nio-8282-exec-1] .w.s.m.s.DefaultHandlerExceptionResolver : Resolved [org.springframework.http.converter.HttpMessageNotReadableException: JSON parse error: Cannot deserialize value of type `java.util.Date` from String "09:00:00.000+01:00": not a valid representation (error: Failed to parse Date value '09:00:00.000+01:00': Cannot parse date "09:00:00.000+01:00": not compatible with any of standard forms ("yyyy-MM-dd'T'HH:mm:ss.SSSX", "yyyy-MM-dd'T'HH:mm:ss.SSS", "EEE, dd MMM yyyy HH:mm:ss zzz", "yyyy-MM-dd")); nested exception is com.fasterxml.jackson.databind.exc.InvalidFormatException: Cannot deserialize value of type `java.util.Date` from String "09:00:00.000+01:00": not a valid representation (error: Failed to parse Date value '09:00:00.000+01:00': Cannot parse date "09:00:00.000+01:00": not compatible with any of standard forms ("yyyy-MM-dd'T'HH:mm:ss.SSSX", "yyyy-MM-dd'T'HH:mm:ss.SSS", "EEE, dd MMM yyyy HH:mm:ss zzz", "yyyy-MM-dd"))
 at [Source: (PushbackInputStream); line: 3, column: 13] (through reference chain: tn.esprit.pi.entities.Consultation["time"])]
2021-02-27 07:52:25.465  INFO 6252 --- [main] tn.esprit.pi.KeedoAppApplication         : Starting KeedoAppApplication using Java 1.8.0_60 on DESKTOP-BU9ET8T with PID 6252 (C:\Products\workspace-sts\KeedoApp\target\classes started by User in C:\Products\workspace-sts\KeedoApp)
2021-02-27 07:52:25.470  INFO 6252 --- [main] tn.esprit.pi.KeedoAppApplication         : No active profile set, falling back to default profiles: default
2021-02-27 07:52:27.849  INFO 6252 --- [main] o.apache.catalina.core.StandardService   : Starting service [Tomcat]
2021-02-27 07:52:27.850  INFO 6252 --- [main] org.apache.catalina.core.StandardEngine  : Starting Servlet engine: [Apache Tomcat/9.0.43]
2021-02-27 07:52:28.091  INFO 6252 --- [main] o.a.c.c.C.[Tomcat].[localhost].[/]       : Initializing Spring embedded WebApplicationContext
2021-02-27 07:52:28.528  INFO 6252 --- [main] o.hibernate.jpa.internal.util.LogHelper  : HHH000204: Processing PersistenceUnitInfo [name: default]
2021-02-27 07:52:28.712  INFO 6252 --- [main] org.hibernate.Version                    : HHH000412: Hibernate ORM core version 5.4.28.Final
2021-02-27 07:52:28.938  INFO 6252 --- [main] o.hibernate.annotations.common.Version   : HCANN000001: Hibernate Commons Annotations {5.1.2.Final}
2021-02-27 07:52:29.566  INFO 6252 --- [main] org.hibernate.dialect.Dialect            : HHH000400: Using dialect: org.hibernate.dialect.MySQL5InnoDBDialect
2021-02-27 07:52:30.462  WARN 6252 --- [main] org.hibernate.mapping.RootClass          : HHH000038: Composite-id class does not override equals(): tn.esprit.pi.entities.ClaimPK
2021-02-27 07:52:30.463  WARN 6252 --- [main] org.hibernate.mapping.RootClass          : HHH000039: Composite-id class does not override hashCode(): tn.esprit.pi.entities.ClaimPK
2021-02-27 07:52:31.556  INFO 6252 --- [main] o.h.e.t.j.p.i.JtaPlatformInitiator       : HHH000490: Using JtaPlatform implementation: [org.hibernate.engine.transaction.jta.platform.internal.NoJtaPlatform]
2021-02-27 07:52:31.703  WARN 6252 --- [main] JpaBaseConfiguration$JpaWebConfiguration : spring.jpa.open-in-view is enabled by default. Therefore, database queries may be performed during view rendering. Explicitly configure spring.jpa.open-in-view to disable this warning
2021-02-27 07:52:33.828  INFO 6252 --- [main] tn.esprit.pi.KeedoAppApplication         : Started KeedoAppApplication in 8.974 seconds (JVM running for 10.302)
2021-02-27 07:52:54.254  INFO 6252 --- [http-nio-8282-exec-1] o.a.c.c.C.[Tomcat].[localhost].[/]       : Initializing Spring DispatcherServlet 'dispatcherServlet'
2021-02-27 07:56:51.442  INFO 14048 --- [main] tn.esprit.pi.KeedoAppApplication         : Starting KeedoAppApplication using Java 1.8.0_60 on DESKTOP-BU9ET8T with PID 14048 (C:\Products\workspace-sts\KeedoApp\target\classes started by User in C:\Products\workspace-sts\KeedoApp)
2021-02-27 07:56:51.448  INFO 14048 --- [main] tn.esprit.pi.KeedoAppApplication         : No active profile set, falling back to default profiles: default
2021-02-27 07:56:53.775  INFO 14048 --- [main] o.apache.catalina.core.StandardService   : Starting service [Tomcat]
2021-02-27 07:56:53.776  INFO 14048 --- [main] org.apache.catalina.core.StandardEngine  : Starting Servlet engine: [Apache Tomcat/9.0.43]
2021-02-27 07:56:54.001  INFO 14048 --- [main] o.a.c.c.C.[Tomcat].[localhost].[/]       : Initializing Spring embedded WebApplicationContext
2021-02-27 07:56:54.592  INFO 14048 --- [main] o.hibernate.jpa.internal.util.LogHelper  : HHH000204: Processing PersistenceUnitInfo [name: default]
2021-02-27 07:56:54.856  INFO 14048 --- [main] org.hibernate.Version                    : HHH000412: Hibernate ORM core version 5.4.28.Final
2021-02-27 07:56:55.089  INFO 14048 --- [main] o.hibernate.annotations.common.Version   : HCANN000001: Hibernate Commons Annotations {5.1.2.Final}
2021-02-27 07:56:55.642  INFO 14048 --- [main] org.hibernate.dialect.Dialect            : HHH000400: Using dialect: org.hibernate.dialect.MySQL5InnoDBDialect
2021-02-27 07:56:56.301  WARN 14048 --- [main] org.hibernate.mapping.RootClass          : HHH000038: Composite-id class does not override equals(): tn.esprit.pi.entities.ClaimPK
2021-02-27 07:56:56.302  WARN 14048 --- [main] org.hibernate.mapping.RootClass          : HHH000039: Composite-id class does not override hashCode(): tn.esprit.pi.entities.ClaimPK
2021-02-27 07:56:57.548  INFO 14048 --- [main] o.h.e.t.j.p.i.JtaPlatformInitiator       : HHH000490: Using JtaPlatform implementation: [org.hibernate.engine.transaction.jta.platform.internal.NoJtaPlatform]
2021-02-27 07:56:57.715  WARN 14048 --- [main] JpaBaseConfiguration$JpaWebConfiguration : spring.jpa.open-in-view is enabled by default. Therefore, database queries may be performed during view rendering. Explicitly configure spring.jpa.open-in-view to disable this warning
2021-02-27 07:57:00.767  INFO 14048 --- [main] tn.esprit.pi.KeedoAppApplication         : Started KeedoAppApplication in 10.001 seconds (JVM running for 11.239)
2021-02-27 07:57:06.365  INFO 14048 --- [http-nio-8282-exec-1] o.a.c.c.C.[Tomcat].[localhost].[/]       : Initializing Spring DispatcherServlet 'dispatcherServlet'
2021-02-27 07:58:06.980  INFO 19940 --- [main] tn.esprit.pi.KeedoAppApplication         : Starting KeedoAppApplication using Java 1.8.0_60 on DESKTOP-BU9ET8T with PID 19940 (C:\Products\workspace-sts\KeedoApp\target\classes started by User in C:\Products\workspace-sts\KeedoApp)
2021-02-27 07:58:06.984  INFO 19940 --- [main] tn.esprit.pi.KeedoAppApplication         : No active profile set, falling back to default profiles: default
2021-02-27 07:58:10.932  INFO 19940 --- [main] o.apache.catalina.core.StandardService   : Starting service [Tomcat]
2021-02-27 07:58:10.934  INFO 19940 --- [main] org.apache.catalina.core.StandardEngine  : Starting Servlet engine: [Apache Tomcat/9.0.43]
2021-02-27 07:58:11.350  INFO 19940 --- [main] o.a.c.c.C.[Tomcat].[localhost].[/]       : Initializing Spring embedded WebApplicationContext
2021-02-27 07:58:12.320  INFO 19940 --- [main] o.hibernate.jpa.internal.util.LogHelper  : HHH000204: Processing PersistenceUnitInfo [name: default]
2021-02-27 07:58:12.628  INFO 19940 --- [main] org.hibernate.Version                    : HHH000412: Hibernate ORM core version 5.4.28.Final
2021-02-27 07:58:12.950  INFO 19940 --- [main] o.hibernate.annotations.common.Version   : HCANN000001: Hibernate Commons Annotations {5.1.2.Final}
2021-02-27 07:58:13.473  INFO 19940 --- [main] org.hibernate.dialect.Dialect            : HHH000400: Using dialect: org.hibernate.dialect.MySQL5InnoDBDialect
2021-02-27 07:58:14.116  WARN 19940 --- [main] org.hibernate.mapping.RootClass          : HHH000038: Composite-id class does not override equals(): tn.esprit.pi.entities.ClaimPK
2021-02-27 07:58:14.116  WARN 19940 --- [main] org.hibernate.mapping.RootClass          : HHH000039: Composite-id class does not override hashCode(): tn.esprit.pi.entities.ClaimPK
2021-02-27 07:58:15.245  INFO 19940 --- [main] o.h.e.t.j.p.i.JtaPlatformInitiator       : HHH000490: Using JtaPlatform implementation: [org.hibernate.engine.transaction.jta.platform.internal.NoJtaPlatform]
2021-02-27 07:58:15.449  WARN 19940 --- [main] JpaBaseConfiguration$JpaWebConfiguration : spring.jpa.open-in-view is enabled by default. Therefore, database queries may be performed during view rendering. Explicitly configure spring.jpa.open-in-view to disable this warning
2021-02-27 07:58:17.946  INFO 19940 --- [main] tn.esprit.pi.KeedoAppApplication         : Started KeedoAppApplication in 11.707 seconds (JVM running for 13.212)
2021-02-27 07:58:21.634  INFO 19940 --- [http-nio-8282-exec-1] o.a.c.c.C.[Tomcat].[localhost].[/]       : Initializing Spring DispatcherServlet 'dispatcherServlet'
2021-02-27 10:14:03.004  INFO 10232 --- [main] tn.esprit.pi.KeedoAppApplication         : Starting KeedoAppApplication using Java 1.8.0_60 on DESKTOP-BU9ET8T with PID 10232 (C:\Products\workspace-sts\KeedoApp\target\classes started by User in C:\Products\workspace-sts\KeedoApp)
2021-02-27 10:14:03.041  INFO 10232 --- [main] tn.esprit.pi.KeedoAppApplication         : No active profile set, falling back to default profiles: default
2021-02-27 10:14:06.315  INFO 10232 --- [main] o.apache.catalina.core.StandardService   : Starting service [Tomcat]
2021-02-27 10:14:06.316  INFO 10232 --- [main] org.apache.catalina.core.StandardEngine  : Starting Servlet engine: [Apache Tomcat/9.0.43]
2021-02-27 10:14:06.603  INFO 10232 --- [main] o.a.c.c.C.[Tomcat].[localhost].[/]       : Initializing Spring embedded WebApplicationContext
2021-02-27 10:14:07.347  INFO 10232 --- [main] o.hibernate.jpa.internal.util.LogHelper  : HHH000204: Processing PersistenceUnitInfo [name: default]
2021-02-27 10:14:07.685  INFO 10232 --- [main] org.hibernate.Version                    : HHH000412: Hibernate ORM core version 5.4.28.Final
2021-02-27 10:14:09.359  INFO 10232 --- [main] o.hibernate.annotations.common.Version   : HCANN000001: Hibernate Commons Annotations {5.1.2.Final}
2021-02-27 10:14:25.730  INFO 10232 --- [main] org.hibernate.dialect.Dialect            : HHH000400: Using dialect: org.hibernate.dialect.MySQL5InnoDBDialect
2021-02-27 10:14:29.015  WARN 10232 --- [main] org.hibernate.mapping.RootClass          : HHH000038: Composite-id class does not override equals(): tn.esprit.pi.entities.ClaimPK
2021-02-27 10:14:29.018  WARN 10232 --- [main] org.hibernate.mapping.RootClass          : HHH000039: Composite-id class does not override hashCode(): tn.esprit.pi.entities.ClaimPK
2021-02-27 10:14:34.891  INFO 10232 --- [main] o.h.e.t.j.p.i.JtaPlatformInitiator       : HHH000490: Using JtaPlatform implementation: [org.hibernate.engine.transaction.jta.platform.internal.NoJtaPlatform]
2021-02-27 10:14:35.103  WARN 10232 --- [main] JpaBaseConfiguration$JpaWebConfiguration : spring.jpa.open-in-view is enabled by default. Therefore, database queries may be performed during view rendering. Explicitly configure spring.jpa.open-in-view to disable this warning
2021-02-27 10:14:41.718  INFO 10232 --- [main] tn.esprit.pi.KeedoAppApplication         : Started KeedoAppApplication in 39.318 seconds (JVM running for 40.706)
2021-02-27 10:15:17.756  INFO 10232 --- [http-nio-8282-exec-3] o.a.c.c.C.[Tomcat].[localhost].[/]       : Initializing Spring DispatcherServlet 'dispatcherServlet'
2021-02-27 14:10:51.184  WARN 10232 --- [HikariPool-1 housekeeper] com.zaxxer.hikari.pool.HikariPool        : HikariPool-1 - Thread starvation or clock leap detected (housekeeper delta=3h24s400ms355µs800ns).
2021-02-27 15:11:33.577  WARN 10232 --- [HikariPool-1 housekeeper] com.zaxxer.hikari.pool.HikariPool        : HikariPool-1 - Thread starvation or clock leap detected (housekeeper delta=1h1m6s989ms868µs300ns).
2021-02-27 15:34:59.495  INFO 18924 --- [main] tn.esprit.pi.KeedoAppApplication         : Starting KeedoAppApplication using Java 1.8.0_60 on DESKTOP-BU9ET8T with PID 18924 (C:\Products\workspace-sts\KeedoApp\target\classes started by User in C:\Products\workspace-sts\KeedoApp)
2021-02-27 15:34:59.501  INFO 18924 --- [main] tn.esprit.pi.KeedoAppApplication         : No active profile set, falling back to default profiles: default
2021-02-27 15:35:02.231  INFO 18924 --- [main] o.apache.catalina.core.StandardService   : Starting service [Tomcat]
2021-02-27 15:35:02.232  INFO 18924 --- [main] org.apache.catalina.core.StandardEngine  : Starting Servlet engine: [Apache Tomcat/9.0.43]
2021-02-27 15:35:03.316  INFO 18924 --- [main] o.a.c.c.C.[Tomcat].[localhost].[/]       : Initializing Spring embedded WebApplicationContext
2021-02-27 15:35:03.765  INFO 18924 --- [main] o.hibernate.jpa.internal.util.LogHelper  : HHH000204: Processing PersistenceUnitInfo [name: default]
2021-02-27 15:35:04.079  INFO 18924 --- [main] org.hibernate.Version                    : HHH000412: Hibernate ORM core version 5.4.28.Final
2021-02-27 15:35:04.265  INFO 18924 --- [main] o.hibernate.annotations.common.Version   : HCANN000001: Hibernate Commons Annotations {5.1.2.Final}
2021-02-27 15:35:05.038  INFO 18924 --- [main] org.hibernate.dialect.Dialect            : HHH000400: Using dialect: org.hibernate.dialect.MySQL5InnoDBDialect
2021-02-27 15:35:05.734  WARN 18924 --- [main] org.hibernate.mapping.RootClass          : HHH000038: Composite-id class does not override equals(): tn.esprit.pi.entities.ClaimPK
2021-02-27 15:35:05.735  WARN 18924 --- [main] org.hibernate.mapping.RootClass          : HHH000039: Composite-id class does not override hashCode(): tn.esprit.pi.entities.ClaimPK
2021-02-27 15:35:08.804  INFO 18924 --- [main] o.h.e.t.j.p.i.JtaPlatformInitiator       : HHH000490: Using JtaPlatform implementation: [org.hibernate.engine.transaction.jta.platform.internal.NoJtaPlatform]
2021-02-27 15:35:09.086  WARN 18924 --- [main] JpaBaseConfiguration$JpaWebConfiguration : spring.jpa.open-in-view is enabled by default. Therefore, database queries may be performed during view rendering. Explicitly configure spring.jpa.open-in-view to disable this warning
2021-02-27 15:35:12.005  INFO 18924 --- [main] tn.esprit.pi.KeedoAppApplication         : Started KeedoAppApplication in 13.182 seconds (JVM running for 21.258)
2021-02-27 15:35:49.347  INFO 18924 --- [http-nio-8282-exec-1] o.a.c.c.C.[Tomcat].[localhost].[/]       : Initializing Spring DispatcherServlet 'dispatcherServlet'
2021-02-27 15:35:59.921  WARN 18924 --- [http-nio-8282-exec-3] c.g.a.c.g.services.AbstractGoogleClient  : Application name is not set. Call Builder#setApplicationName.
2021-02-27 15:36:00.017  WARN 18924 --- [http-nio-8282-exec-3] tn.esprit.pi.services.GoogleCalService   : Exception while handling OAuth2 callback (null). Redirecting to google connection status page.
2021-02-27 15:44:02.097  INFO 21600 --- [main] tn.esprit.pi.KeedoAppApplication         : Starting KeedoAppApplication using Java 1.8.0_60 on DESKTOP-BU9ET8T with PID 21600 (C:\Products\workspace-sts\KeedoApp\target\classes started by User in C:\Products\workspace-sts\KeedoApp)
2021-02-27 15:44:02.101  INFO 21600 --- [main] tn.esprit.pi.KeedoAppApplication         : No active profile set, falling back to default profiles: default
2021-02-27 15:44:04.605  INFO 21600 --- [main] o.apache.catalina.core.StandardService   : Starting service [Tomcat]
2021-02-27 15:44:04.606  INFO 21600 --- [main] org.apache.catalina.core.StandardEngine  : Starting Servlet engine: [Apache Tomcat/9.0.43]
2021-02-27 15:44:04.878  INFO 21600 --- [main] o.a.c.c.C.[Tomcat].[localhost].[/]       : Initializing Spring embedded WebApplicationContext
2021-02-27 15:44:05.346  INFO 21600 --- [main] o.hibernate.jpa.internal.util.LogHelper  : HHH000204: Processing PersistenceUnitInfo [name: default]
2021-02-27 15:44:05.524  INFO 21600 --- [main] org.hibernate.Version                    : HHH000412: Hibernate ORM core version 5.4.28.Final
2021-02-27 15:44:05.781  INFO 21600 --- [main] o.hibernate.annotations.common.Version   : HCANN000001: Hibernate Commons Annotations {5.1.2.Final}
2021-02-27 15:44:06.439  INFO 21600 --- [main] org.hibernate.dialect.Dialect            : HHH000400: Using dialect: org.hibernate.dialect.MySQL5InnoDBDialect
2021-02-27 15:44:07.101  WARN 21600 --- [main] org.hibernate.mapping.RootClass          : HHH000038: Composite-id class does not override equals(): tn.esprit.pi.entities.ClaimPK
2021-02-27 15:44:07.102  WARN 21600 --- [main] org.hibernate.mapping.RootClass          : HHH000039: Composite-id class does not override hashCode(): tn.esprit.pi.entities.ClaimPK
2021-02-27 15:44:08.519  INFO 21600 --- [main] o.h.e.t.j.p.i.JtaPlatformInitiator       : HHH000490: Using JtaPlatform implementation: [org.hibernate.engine.transaction.jta.platform.internal.NoJtaPlatform]
2021-02-27 15:44:08.677  WARN 21600 --- [main] JpaBaseConfiguration$JpaWebConfiguration : spring.jpa.open-in-view is enabled by default. Therefore, database queries may be performed during view rendering. Explicitly configure spring.jpa.open-in-view to disable this warning
2021-02-27 15:44:10.704  INFO 21600 --- [main] tn.esprit.pi.KeedoAppApplication         : Started KeedoAppApplication in 9.269 seconds (JVM running for 10.713)
2021-02-27 15:47:04.420  INFO 21600 --- [http-nio-8282-exec-1] o.a.c.c.C.[Tomcat].[localhost].[/]       : Initializing Spring DispatcherServlet 'dispatcherServlet'
2021-02-27 15:47:10.459  WARN 21600 --- [http-nio-8282-exec-3] c.g.a.c.g.services.AbstractGoogleClient  : Application name is not set. Call Builder#setApplicationName.
2021-02-27 15:47:10.489  WARN 21600 --- [http-nio-8282-exec-3] tn.esprit.pi.services.GoogleCalService   : Exception while handling OAuth2 callback (null). Redirecting to google connection status page.
2021-02-27 16:11:22.160  INFO 15036 --- [main] tn.esprit.pi.KeedoAppApplication         : Starting KeedoAppApplication using Java 1.8.0_60 on DESKTOP-BU9ET8T with PID 15036 (C:\Products\workspace-sts\KeedoApp\target\classes started by User in C:\Products\workspace-sts\KeedoApp)
2021-02-27 16:11:22.172  INFO 15036 --- [main] tn.esprit.pi.KeedoAppApplication         : No active profile set, falling back to default profiles: default
2021-02-27 16:11:26.701  INFO 15036 --- [main] o.apache.catalina.core.StandardService   : Starting service [Tomcat]
2021-02-27 16:11:26.702  INFO 15036 --- [main] org.apache.catalina.core.StandardEngine  : Starting Servlet engine: [Apache Tomcat/9.0.43]
2021-02-27 16:11:26.901  INFO 15036 --- [main] o.a.c.c.C.[Tomcat].[localhost].[/]       : Initializing Spring embedded WebApplicationContext
2021-02-27 16:11:27.300  INFO 15036 --- [main] o.hibernate.jpa.internal.util.LogHelper  : HHH000204: Processing PersistenceUnitInfo [name: default]
2021-02-27 16:11:27.503  INFO 15036 --- [main] org.hibernate.Version                    : HHH000412: Hibernate ORM core version 5.4.28.Final
2021-02-27 16:11:27.772  INFO 15036 --- [main] o.hibernate.annotations.common.Version   : HCANN000001: Hibernate Commons Annotations {5.1.2.Final}
2021-02-27 16:11:28.358  INFO 15036 --- [main] org.hibernate.dialect.Dialect            : HHH000400: Using dialect: org.hibernate.dialect.MySQL5InnoDBDialect
2021-02-27 16:11:29.048  WARN 15036 --- [main] org.hibernate.mapping.RootClass          : HHH000038: Composite-id class does not override equals(): tn.esprit.pi.entities.ClaimPK
2021-02-27 16:11:29.049  WARN 15036 --- [main] org.hibernate.mapping.RootClass          : HHH000039: Composite-id class does not override hashCode(): tn.esprit.pi.entities.ClaimPK
2021-02-27 16:11:30.538  INFO 15036 --- [main] o.h.e.t.j.p.i.JtaPlatformInitiator       : HHH000490: Using JtaPlatform implementation: [org.hibernate.engine.transaction.jta.platform.internal.NoJtaPlatform]
2021-02-27 16:11:30.697  WARN 15036 --- [main] JpaBaseConfiguration$JpaWebConfiguration : spring.jpa.open-in-view is enabled by default. Therefore, database queries may be performed during view rendering. Explicitly configure spring.jpa.open-in-view to disable this warning
2021-02-27 16:11:34.741  INFO 15036 --- [main] tn.esprit.pi.KeedoAppApplication         : Started KeedoAppApplication in 13.292 seconds (JVM running for 14.934)
2021-02-27 16:11:39.272  INFO 15036 --- [http-nio-8282-exec-1] o.a.c.c.C.[Tomcat].[localhost].[/]       : Initializing Spring DispatcherServlet 'dispatcherServlet'
2021-02-27 16:11:55.539  WARN 15036 --- [http-nio-8282-exec-4] c.g.a.c.g.services.AbstractGoogleClient  : Application name is not set. Call Builder#setApplicationName.
2021-02-27 16:22:52.888  INFO 8748 --- [main] tn.esprit.pi.KeedoAppApplication         : Starting KeedoAppApplication using Java 1.8.0_60 on DESKTOP-BU9ET8T with PID 8748 (C:\Products\workspace-sts\KeedoApp\target\classes started by User in C:\Products\workspace-sts\KeedoApp)
2021-02-27 16:22:52.893  INFO 8748 --- [main] tn.esprit.pi.KeedoAppApplication         : No active profile set, falling back to default profiles: default
2021-02-27 16:22:55.268  INFO 8748 --- [main] o.apache.catalina.core.StandardService   : Starting service [Tomcat]
2021-02-27 16:22:55.270  INFO 8748 --- [main] org.apache.catalina.core.StandardEngine  : Starting Servlet engine: [Apache Tomcat/9.0.43]
2021-02-27 16:22:55.497  INFO 8748 --- [main] o.a.c.c.C.[Tomcat].[localhost].[/]       : Initializing Spring embedded WebApplicationContext
2021-02-27 16:22:55.920  INFO 8748 --- [main] o.hibernate.jpa.internal.util.LogHelper  : HHH000204: Processing PersistenceUnitInfo [name: default]
2021-02-27 16:22:56.135  INFO 8748 --- [main] org.hibernate.Version                    : HHH000412: Hibernate ORM core version 5.4.28.Final
2021-02-27 16:22:56.351  INFO 8748 --- [main] o.hibernate.annotations.common.Version   : HCANN000001: Hibernate Commons Annotations {5.1.2.Final}
2021-02-27 16:22:56.918  INFO 8748 --- [main] org.hibernate.dialect.Dialect            : HHH000400: Using dialect: org.hibernate.dialect.MySQL5InnoDBDialect
2021-02-27 16:22:57.518  WARN 8748 --- [main] org.hibernate.mapping.RootClass          : HHH000038: Composite-id class does not override equals(): tn.esprit.pi.entities.ClaimPK
2021-02-27 16:22:57.519  WARN 8748 --- [main] org.hibernate.mapping.RootClass          : HHH000039: Composite-id class does not override hashCode(): tn.esprit.pi.entities.ClaimPK
2021-02-27 16:22:58.648  INFO 8748 --- [main] o.h.e.t.j.p.i.JtaPlatformInitiator       : HHH000490: Using JtaPlatform implementation: [org.hibernate.engine.transaction.jta.platform.internal.NoJtaPlatform]
2021-02-27 16:22:58.808  WARN 8748 --- [main] JpaBaseConfiguration$JpaWebConfiguration : spring.jpa.open-in-view is enabled by default. Therefore, database queries may be performed during view rendering. Explicitly configure spring.jpa.open-in-view to disable this warning
2021-02-27 16:23:01.121  INFO 8748 --- [main] tn.esprit.pi.KeedoAppApplication         : Started KeedoAppApplication in 8.833 seconds (JVM running for 10.164)
2021-02-27 16:23:24.122  INFO 8748 --- [http-nio-8282-exec-1] o.a.c.c.C.[Tomcat].[localhost].[/]       : Initializing Spring DispatcherServlet 'dispatcherServlet'
2021-02-27 16:23:31.595  WARN 8748 --- [http-nio-8282-exec-3] c.g.a.c.g.services.AbstractGoogleClient  : Application name is not set. Call Builder#setApplicationName.
2021-02-27 16:31:32.413  INFO 13692 --- [main] tn.esprit.pi.KeedoAppApplication         : Starting KeedoAppApplication using Java 1.8.0_60 on DESKTOP-BU9ET8T with PID 13692 (C:\Products\workspace-sts\KeedoApp\target\classes started by User in C:\Products\workspace-sts\KeedoApp)
2021-02-27 16:31:32.419  INFO 13692 --- [main] tn.esprit.pi.KeedoAppApplication         : No active profile set, falling back to default profiles: default
2021-02-27 16:31:34.732  INFO 13692 --- [main] o.apache.catalina.core.StandardService   : Starting service [Tomcat]
2021-02-27 16:31:34.733  INFO 13692 --- [main] org.apache.catalina.core.StandardEngine  : Starting Servlet engine: [Apache Tomcat/9.0.43]
2021-02-27 16:31:34.963  INFO 13692 --- [main] o.a.c.c.C.[Tomcat].[localhost].[/]       : Initializing Spring embedded WebApplicationContext
2021-02-27 16:31:35.420  INFO 13692 --- [main] o.hibernate.jpa.internal.util.LogHelper  : HHH000204: Processing PersistenceUnitInfo [name: default]
2021-02-27 16:31:35.653  INFO 13692 --- [main] org.hibernate.Version                    : HHH000412: Hibernate ORM core version 5.4.28.Final
2021-02-27 16:31:35.876  INFO 13692 --- [main] o.hibernate.annotations.common.Version   : HCANN000001: Hibernate Commons Annotations {5.1.2.Final}
2021-02-27 16:31:36.480  INFO 13692 --- [main] org.hibernate.dialect.Dialect            : HHH000400: Using dialect: org.hibernate.dialect.MySQL5InnoDBDialect
2021-02-27 16:31:37.098  WARN 13692 --- [main] org.hibernate.mapping.RootClass          : HHH000038: Composite-id class does not override equals(): tn.esprit.pi.entities.ClaimPK
2021-02-27 16:31:37.099  WARN 13692 --- [main] org.hibernate.mapping.RootClass          : HHH000039: Composite-id class does not override hashCode(): tn.esprit.pi.entities.ClaimPK
2021-02-27 16:31:38.275  INFO 13692 --- [main] o.h.e.t.j.p.i.JtaPlatformInitiator       : HHH000490: Using JtaPlatform implementation: [org.hibernate.engine.transaction.jta.platform.internal.NoJtaPlatform]
2021-02-27 16:31:38.477  WARN 13692 --- [main] JpaBaseConfiguration$JpaWebConfiguration : spring.jpa.open-in-view is enabled by default. Therefore, database queries may be performed during view rendering. Explicitly configure spring.jpa.open-in-view to disable this warning
2021-02-27 16:31:40.695  INFO 13692 --- [main] tn.esprit.pi.KeedoAppApplication         : Started KeedoAppApplication in 8.919 seconds (JVM running for 10.865)
2021-02-27 16:31:48.309  INFO 13692 --- [http-nio-8282-exec-1] o.a.c.c.C.[Tomcat].[localhost].[/]       : Initializing Spring DispatcherServlet 'dispatcherServlet'
2021-02-27 16:31:54.920  WARN 13692 --- [http-nio-8282-exec-3] c.g.a.c.g.services.AbstractGoogleClient  : Application name is not set. Call Builder#setApplicationName.
2021-02-27 16:35:22.669  INFO 12632 --- [main] tn.esprit.pi.KeedoAppApplication         : Starting KeedoAppApplication using Java 1.8.0_60 on DESKTOP-BU9ET8T with PID 12632 (C:\Products\workspace-sts\KeedoApp\target\classes started by User in C:\Products\workspace-sts\KeedoApp)
2021-02-27 16:35:22.673  INFO 12632 --- [main] tn.esprit.pi.KeedoAppApplication         : No active profile set, falling back to default profiles: default
2021-02-27 16:35:24.951  INFO 12632 --- [main] o.apache.catalina.core.StandardService   : Starting service [Tomcat]
2021-02-27 16:35:24.953  INFO 12632 --- [main] org.apache.catalina.core.StandardEngine  : Starting Servlet engine: [Apache Tomcat/9.0.43]
2021-02-27 16:35:25.203  INFO 12632 --- [main] o.a.c.c.C.[Tomcat].[localhost].[/]       : Initializing Spring embedded WebApplicationContext
2021-02-27 16:35:25.627  INFO 12632 --- [main] o.hibernate.jpa.internal.util.LogHelper  : HHH000204: Processing PersistenceUnitInfo [name: default]
2021-02-27 16:35:25.834  INFO 12632 --- [main] org.hibernate.Version                    : HHH000412: Hibernate ORM core version 5.4.28.Final
2021-02-27 16:35:26.046  INFO 12632 --- [main] o.hibernate.annotations.common.Version   : HCANN000001: Hibernate Commons Annotations {5.1.2.Final}
2021-02-27 16:35:26.595  INFO 12632 --- [main] org.hibernate.dialect.Dialect            : HHH000400: Using dialect: org.hibernate.dialect.MySQL5InnoDBDialect
2021-02-27 16:35:27.307  WARN 12632 --- [main] org.hibernate.mapping.RootClass          : HHH000038: Composite-id class does not override equals(): tn.esprit.pi.entities.ClaimPK
2021-02-27 16:35:27.307  WARN 12632 --- [main] org.hibernate.mapping.RootClass          : HHH000039: Composite-id class does not override hashCode(): tn.esprit.pi.entities.ClaimPK
2021-02-27 16:35:28.508  INFO 12632 --- [main] o.h.e.t.j.p.i.JtaPlatformInitiator       : HHH000490: Using JtaPlatform implementation: [org.hibernate.engine.transaction.jta.platform.internal.NoJtaPlatform]
2021-02-27 16:35:28.627  WARN 12632 --- [main] JpaBaseConfiguration$JpaWebConfiguration : spring.jpa.open-in-view is enabled by default. Therefore, database queries may be performed during view rendering. Explicitly configure spring.jpa.open-in-view to disable this warning
2021-02-27 16:35:30.729  INFO 12632 --- [main] tn.esprit.pi.KeedoAppApplication         : Started KeedoAppApplication in 8.702 seconds (JVM running for 10.008)
2021-02-27 18:07:42.359  WARN 12632 --- [HikariPool-1 housekeeper] com.zaxxer.hikari.pool.HikariPool        : HikariPool-1 - Thread starvation or clock leap detected (housekeeper delta=1h6m17s168ms472µs600ns).
2021-02-27 19:34:17.303  INFO 14072 --- [main] tn.esprit.pi.KeedoAppApplication         : Starting KeedoAppApplication using Java 1.8.0_60 on DESKTOP-BU9ET8T with PID 14072 (C:\Products\workspace-sts\KeedoApp\target\classes started by User in C:\Products\workspace-sts\KeedoApp)
2021-02-27 19:34:17.324  INFO 14072 --- [main] tn.esprit.pi.KeedoAppApplication         : No active profile set, falling back to default profiles: default
2021-02-27 19:34:22.182  INFO 14072 --- [main] o.apache.catalina.core.StandardService   : Starting service [Tomcat]
2021-02-27 19:34:22.183  INFO 14072 --- [main] org.apache.catalina.core.StandardEngine  : Starting Servlet engine: [Apache Tomcat/9.0.43]
2021-02-27 19:34:22.470  INFO 14072 --- [main] o.a.c.c.C.[Tomcat].[localhost].[/]       : Initializing Spring embedded WebApplicationContext
2021-02-27 19:34:23.670  INFO 14072 --- [main] o.hibernate.jpa.internal.util.LogHelper  : HHH000204: Processing PersistenceUnitInfo [name: default]
2021-02-27 19:34:24.253  INFO 14072 --- [main] org.hibernate.Version                    : HHH000412: Hibernate ORM core version 5.4.28.Final
2021-02-27 19:34:24.711  INFO 14072 --- [main] o.hibernate.annotations.common.Version   : HCANN000001: Hibernate Commons Annotations {5.1.2.Final}
2021-02-27 19:34:26.814  INFO 14072 --- [main] org.hibernate.dialect.Dialect            : HHH000400: Using dialect: org.hibernate.dialect.MySQL5InnoDBDialect
2021-02-27 19:34:27.908  WARN 14072 --- [main] org.hibernate.mapping.RootClass          : HHH000038: Composite-id class does not override equals(): tn.esprit.pi.entities.ClaimPK
2021-02-27 19:34:27.909  WARN 14072 --- [main] org.hibernate.mapping.RootClass          : HHH000039: Composite-id class does not override hashCode(): tn.esprit.pi.entities.ClaimPK
2021-02-27 19:34:31.618  INFO 14072 --- [main] o.h.e.t.j.p.i.JtaPlatformInitiator       : HHH000490: Using JtaPlatform implementation: [org.hibernate.engine.transaction.jta.platform.internal.NoJtaPlatform]
2021-02-27 19:34:31.914  WARN 14072 --- [main] JpaBaseConfiguration$JpaWebConfiguration : spring.jpa.open-in-view is enabled by default. Therefore, database queries may be performed during view rendering. Explicitly configure spring.jpa.open-in-view to disable this warning
2021-02-27 19:34:35.925  INFO 14072 --- [main] tn.esprit.pi.KeedoAppApplication         : Started KeedoAppApplication in 19.313 seconds (JVM running for 21.448)
2021-02-27 19:35:02.874  INFO 14072 --- [http-nio-8282-exec-1] o.a.c.c.C.[Tomcat].[localhost].[/]       : Initializing Spring DispatcherServlet 'dispatcherServlet'
2021-02-27 19:35:11.191  WARN 14072 --- [http-nio-8282-exec-4] c.g.a.c.g.services.AbstractGoogleClient  : Application name is not set. Call Builder#setApplicationName.
2021-02-27 19:51:44.898  INFO 8068 --- [main] tn.esprit.pi.KeedoAppApplication         : Starting KeedoAppApplication using Java 1.8.0_60 on DESKTOP-BU9ET8T with PID 8068 (C:\Products\workspace-sts\KeedoApp\target\classes started by User in C:\Products\workspace-sts\KeedoApp)
2021-02-27 19:51:44.902  INFO 8068 --- [main] tn.esprit.pi.KeedoAppApplication         : No active profile set, falling back to default profiles: default
2021-02-27 19:51:47.614  INFO 8068 --- [main] o.apache.catalina.core.StandardService   : Starting service [Tomcat]
2021-02-27 19:51:47.616  INFO 8068 --- [main] org.apache.catalina.core.StandardEngine  : Starting Servlet engine: [Apache Tomcat/9.0.43]
2021-02-27 19:51:47.900  INFO 8068 --- [main] o.a.c.c.C.[Tomcat].[localhost].[/]       : Initializing Spring embedded WebApplicationContext
2021-02-27 19:51:48.562  INFO 8068 --- [main] o.hibernate.jpa.internal.util.LogHelper  : HHH000204: Processing PersistenceUnitInfo [name: default]
2021-02-27 19:51:48.768  INFO 8068 --- [main] org.hibernate.Version                    : HHH000412: Hibernate ORM core version 5.4.28.Final
2021-02-27 19:51:49.010  INFO 8068 --- [main] o.hibernate.annotations.common.Version   : HCANN000001: Hibernate Commons Annotations {5.1.2.Final}
2021-02-27 19:51:49.591  INFO 8068 --- [main] org.hibernate.dialect.Dialect            : HHH000400: Using dialect: org.hibernate.dialect.MySQL5InnoDBDialect
2021-02-27 19:51:50.255  WARN 8068 --- [main] org.hibernate.mapping.RootClass          : HHH000038: Composite-id class does not override equals(): tn.esprit.pi.entities.ClaimPK
2021-02-27 19:51:50.255  WARN 8068 --- [main] org.hibernate.mapping.RootClass          : HHH000039: Composite-id class does not override hashCode(): tn.esprit.pi.entities.ClaimPK
2021-02-27 19:51:51.523  INFO 8068 --- [main] o.h.e.t.j.p.i.JtaPlatformInitiator       : HHH000490: Using JtaPlatform implementation: [org.hibernate.engine.transaction.jta.platform.internal.NoJtaPlatform]
2021-02-27 19:51:51.708  WARN 8068 --- [main] JpaBaseConfiguration$JpaWebConfiguration : spring.jpa.open-in-view is enabled by default. Therefore, database queries may be performed during view rendering. Explicitly configure spring.jpa.open-in-view to disable this warning
2021-02-27 19:51:54.277  INFO 8068 --- [main] tn.esprit.pi.KeedoAppApplication         : Started KeedoAppApplication in 10.139 seconds (JVM running for 11.78)
2021-02-27 19:52:11.497  INFO 8068 --- [http-nio-8282-exec-2] o.a.c.c.C.[Tomcat].[localhost].[/]       : Initializing Spring DispatcherServlet 'dispatcherServlet'
2021-02-27 19:52:16.932  WARN 8068 --- [http-nio-8282-exec-4] c.g.a.c.g.services.AbstractGoogleClient  : Application name is not set. Call Builder#setApplicationName.
2021-02-27 19:52:17.508  WARN 8068 --- [http-nio-8282-exec-4] tn.esprit.pi.services.GoogleCalService   : Exception while handling OAuth2 callback (Required parameter Event.getICalUID() must be specified). Redirecting to google connection status page.
2021-02-27 20:03:01.950  INFO 4464 --- [main] tn.esprit.pi.KeedoAppApplication         : Starting KeedoAppApplication using Java 1.8.0_60 on DESKTOP-BU9ET8T with PID 4464 (C:\Products\workspace-sts\KeedoApp\target\classes started by User in C:\Products\workspace-sts\KeedoApp)
2021-02-27 20:03:01.957  INFO 4464 --- [main] tn.esprit.pi.KeedoAppApplication         : No active profile set, falling back to default profiles: default
2021-02-27 20:03:04.676  INFO 4464 --- [main] o.apache.catalina.core.StandardService   : Starting service [Tomcat]
2021-02-27 20:03:04.690  INFO 4464 --- [main] org.apache.catalina.core.StandardEngine  : Starting Servlet engine: [Apache Tomcat/9.0.43]
2021-02-27 20:03:05.008  INFO 4464 --- [main] o.a.c.c.C.[Tomcat].[localhost].[/]       : Initializing Spring embedded WebApplicationContext
2021-02-27 20:03:05.592  INFO 4464 --- [main] o.hibernate.jpa.internal.util.LogHelper  : HHH000204: Processing PersistenceUnitInfo [name: default]
2021-02-27 20:03:05.840  INFO 4464 --- [main] org.hibernate.Version                    : HHH000412: Hibernate ORM core version 5.4.28.Final
2021-02-27 20:03:06.098  INFO 4464 --- [main] o.hibernate.annotations.common.Version   : HCANN000001: Hibernate Commons Annotations {5.1.2.Final}
2021-02-27 20:03:06.739  INFO 4464 --- [main] org.hibernate.dialect.Dialect            : HHH000400: Using dialect: org.hibernate.dialect.MySQL5InnoDBDialect
2021-02-27 20:03:07.493  WARN 4464 --- [main] org.hibernate.mapping.RootClass          : HHH000038: Composite-id class does not override equals(): tn.esprit.pi.entities.ClaimPK
2021-02-27 20:03:07.494  WARN 4464 --- [main] org.hibernate.mapping.RootClass          : HHH000039: Composite-id class does not override hashCode(): tn.esprit.pi.entities.ClaimPK
2021-02-27 20:03:08.805  INFO 4464 --- [main] o.h.e.t.j.p.i.JtaPlatformInitiator       : HHH000490: Using JtaPlatform implementation: [org.hibernate.engine.transaction.jta.platform.internal.NoJtaPlatform]
2021-02-27 20:03:09.060  WARN 4464 --- [main] JpaBaseConfiguration$JpaWebConfiguration : spring.jpa.open-in-view is enabled by default. Therefore, database queries may be performed during view rendering. Explicitly configure spring.jpa.open-in-view to disable this warning
2021-02-27 20:03:12.039  INFO 4464 --- [main] tn.esprit.pi.KeedoAppApplication         : Started KeedoAppApplication in 10.84 seconds (JVM running for 12.4)
2021-02-27 20:03:39.568  INFO 4464 --- [http-nio-8282-exec-1] o.a.c.c.C.[Tomcat].[localhost].[/]       : Initializing Spring DispatcherServlet 'dispatcherServlet'
2021-02-27 20:03:56.794  WARN 4464 --- [http-nio-8282-exec-3] c.g.a.c.g.services.AbstractGoogleClient  : Application name is not set. Call Builder#setApplicationName.
2021-02-27 20:52:13.231  INFO 3376 --- [main] tn.esprit.pi.KeedoAppApplication         : Starting KeedoAppApplication using Java 1.8.0_60 on DESKTOP-BU9ET8T with PID 3376 (C:\Products\workspace-sts\KeedoApp\target\classes started by User in C:\Products\workspace-sts\KeedoApp)
2021-02-27 20:52:13.236  INFO 3376 --- [main] tn.esprit.pi.KeedoAppApplication         : No active profile set, falling back to default profiles: default
2021-02-27 20:52:16.158  INFO 3376 --- [main] o.apache.catalina.core.StandardService   : Starting service [Tomcat]
2021-02-27 20:52:16.159  INFO 3376 --- [main] org.apache.catalina.core.StandardEngine  : Starting Servlet engine: [Apache Tomcat/9.0.43]
2021-02-27 20:52:16.492  INFO 3376 --- [main] o.a.c.c.C.[Tomcat].[localhost].[/]       : Initializing Spring embedded WebApplicationContext
2021-02-27 20:52:17.038  INFO 3376 --- [main] o.hibernate.jpa.internal.util.LogHelper  : HHH000204: Processing PersistenceUnitInfo [name: default]
2021-02-27 20:52:17.285  INFO 3376 --- [main] org.hibernate.Version                    : HHH000412: Hibernate ORM core version 5.4.28.Final
2021-02-27 20:52:17.532  INFO 3376 --- [main] o.hibernate.annotations.common.Version   : HCANN000001: Hibernate Commons Annotations {5.1.2.Final}
2021-02-27 20:52:18.133  INFO 3376 --- [main] org.hibernate.dialect.Dialect            : HHH000400: Using dialect: org.hibernate.dialect.MySQL5InnoDBDialect
2021-02-27 20:52:18.865  WARN 3376 --- [main] org.hibernate.mapping.RootClass          : HHH000038: Composite-id class does not override equals(): tn.esprit.pi.entities.ClaimPK
2021-02-27 20:52:18.865  WARN 3376 --- [main] org.hibernate.mapping.RootClass          : HHH000039: Composite-id class does not override hashCode(): tn.esprit.pi.entities.ClaimPK
2021-02-27 20:52:20.232  INFO 3376 --- [main] o.h.e.t.j.p.i.JtaPlatformInitiator       : HHH000490: Using JtaPlatform implementation: [org.hibernate.engine.transaction.jta.platform.internal.NoJtaPlatform]
2021-02-27 20:52:20.391  WARN 3376 --- [main] JpaBaseConfiguration$JpaWebConfiguration : spring.jpa.open-in-view is enabled by default. Therefore, database queries may be performed during view rendering. Explicitly configure spring.jpa.open-in-view to disable this warning
2021-02-27 20:52:23.090  INFO 3376 --- [main] tn.esprit.pi.KeedoAppApplication         : Started KeedoAppApplication in 10.619 seconds (JVM running for 12.271)
2021-02-27 20:52:33.790  INFO 3376 --- [http-nio-8282-exec-1] o.a.c.c.C.[Tomcat].[localhost].[/]       : Initializing Spring DispatcherServlet 'dispatcherServlet'
2021-02-27 20:52:40.113  WARN 3376 --- [http-nio-8282-exec-3] c.g.a.c.g.services.AbstractGoogleClient  : Application name is not set. Call Builder#setApplicationName.
2021-02-27 20:52:40.671  WARN 3376 --- [http-nio-8282-exec-3] tn.esprit.pi.services.GoogleCalService   : Exception while handling OAuth2 callback (null). Redirecting to google connection status page.
2021-02-27 20:53:58.034  INFO 9100 --- [main] tn.esprit.pi.KeedoAppApplication         : Starting KeedoAppApplication using Java 1.8.0_60 on DESKTOP-BU9ET8T with PID 9100 (C:\Products\workspace-sts\KeedoApp\target\classes started by User in C:\Products\workspace-sts\KeedoApp)
2021-02-27 20:53:58.042  INFO 9100 --- [main] tn.esprit.pi.KeedoAppApplication         : No active profile set, falling back to default profiles: default
2021-02-27 20:54:01.121  INFO 9100 --- [main] o.apache.catalina.core.StandardService   : Starting service [Tomcat]
2021-02-27 20:54:01.122  INFO 9100 --- [main] org.apache.catalina.core.StandardEngine  : Starting Servlet engine: [Apache Tomcat/9.0.43]
2021-02-27 20:54:01.423  INFO 9100 --- [main] o.a.c.c.C.[Tomcat].[localhost].[/]       : Initializing Spring embedded WebApplicationContext
2021-02-27 20:54:01.953  INFO 9100 --- [main] o.hibernate.jpa.internal.util.LogHelper  : HHH000204: Processing PersistenceUnitInfo [name: default]
2021-02-27 20:54:02.163  INFO 9100 --- [main] org.hibernate.Version                    : HHH000412: Hibernate ORM core version 5.4.28.Final
2021-02-27 20:54:02.424  INFO 9100 --- [main] o.hibernate.annotations.common.Version   : HCANN000001: Hibernate Commons Annotations {5.1.2.Final}
2021-02-27 20:54:03.013  INFO 9100 --- [main] org.hibernate.dialect.Dialect            : HHH000400: Using dialect: org.hibernate.dialect.MySQL5InnoDBDialect
2021-02-27 20:54:03.763  WARN 9100 --- [main] org.hibernate.mapping.RootClass          : HHH000038: Composite-id class does not override equals(): tn.esprit.pi.entities.ClaimPK
2021-02-27 20:54:03.764  WARN 9100 --- [main] org.hibernate.mapping.RootClass          : HHH000039: Composite-id class does not override hashCode(): tn.esprit.pi.entities.ClaimPK
2021-02-27 20:54:05.014  INFO 9100 --- [main] o.h.e.t.j.p.i.JtaPlatformInitiator       : HHH000490: Using JtaPlatform implementation: [org.hibernate.engine.transaction.jta.platform.internal.NoJtaPlatform]
2021-02-27 20:54:05.192  WARN 9100 --- [main] JpaBaseConfiguration$JpaWebConfiguration : spring.jpa.open-in-view is enabled by default. Therefore, database queries may be performed during view rendering. Explicitly configure spring.jpa.open-in-view to disable this warning
2021-02-27 20:54:07.916  INFO 9100 --- [main] tn.esprit.pi.KeedoAppApplication         : Started KeedoAppApplication in 10.68 seconds (JVM running for 12.103)
2021-02-27 20:54:15.166  INFO 9100 --- [http-nio-8282-exec-1] o.a.c.c.C.[Tomcat].[localhost].[/]       : Initializing Spring DispatcherServlet 'dispatcherServlet'
2021-02-27 20:54:20.384  WARN 9100 --- [http-nio-8282-exec-2] c.g.a.c.g.services.AbstractGoogleClient  : Application name is not set. Call Builder#setApplicationName.
2021-02-27 20:54:21.162  WARN 9100 --- [http-nio-8282-exec-2] tn.esprit.pi.services.GoogleCalService   : Exception while handling OAuth2 callback (400 Bad Request
{
  "code" : 400,
  "errors" : [ {
    "domain" : "global",
    "message" : "Missing end time.",
    "reason" : "required"
  } ],
  "message" : "Missing end time."
}). Redirecting to google connection status page.
2021-02-27 21:07:18.669  INFO 9572 --- [main] tn.esprit.pi.KeedoAppApplication         : Starting KeedoAppApplication using Java 1.8.0_60 on DESKTOP-BU9ET8T with PID 9572 (C:\Products\workspace-sts\KeedoApp\target\classes started by User in C:\Products\workspace-sts\KeedoApp)
2021-02-27 21:07:18.674  INFO 9572 --- [main] tn.esprit.pi.KeedoAppApplication         : No active profile set, falling back to default profiles: default
2021-02-27 21:07:22.702  INFO 9572 --- [main] o.apache.catalina.core.StandardService   : Starting service [Tomcat]
2021-02-27 21:07:22.703  INFO 9572 --- [main] org.apache.catalina.core.StandardEngine  : Starting Servlet engine: [Apache Tomcat/9.0.43]
2021-02-27 21:07:23.926  INFO 9572 --- [main] o.a.c.c.C.[Tomcat].[localhost].[/]       : Initializing Spring embedded WebApplicationContext
2021-02-27 21:07:24.669  INFO 9572 --- [main] o.hibernate.jpa.internal.util.LogHelper  : HHH000204: Processing PersistenceUnitInfo [name: default]
2021-02-27 21:07:25.064  INFO 9572 --- [main] org.hibernate.Version                    : HHH000412: Hibernate ORM core version 5.4.28.Final
2021-02-27 21:07:25.383  INFO 9572 --- [main] o.hibernate.annotations.common.Version   : HCANN000001: Hibernate Commons Annotations {5.1.2.Final}
2021-02-27 21:07:26.228  INFO 9572 --- [main] org.hibernate.dialect.Dialect            : HHH000400: Using dialect: org.hibernate.dialect.MySQL5InnoDBDialect
2021-02-27 21:07:27.006  WARN 9572 --- [main] org.hibernate.mapping.RootClass          : HHH000038: Composite-id class does not override equals(): tn.esprit.pi.entities.ClaimPK
2021-02-27 21:07:27.007  WARN 9572 --- [main] org.hibernate.mapping.RootClass          : HHH000039: Composite-id class does not override hashCode(): tn.esprit.pi.entities.ClaimPK
2021-02-27 21:07:28.744  INFO 9572 --- [main] o.h.e.t.j.p.i.JtaPlatformInitiator       : HHH000490: Using JtaPlatform implementation: [org.hibernate.engine.transaction.jta.platform.internal.NoJtaPlatform]
2021-02-27 21:07:28.902  WARN 9572 --- [main] JpaBaseConfiguration$JpaWebConfiguration : spring.jpa.open-in-view is enabled by default. Therefore, database queries may be performed during view rendering. Explicitly configure spring.jpa.open-in-view to disable this warning
2021-02-27 21:07:31.955  INFO 9572 --- [main] tn.esprit.pi.KeedoAppApplication         : Started KeedoAppApplication in 14.004 seconds (JVM running for 18.756)
2021-02-27 21:07:36.285  INFO 9572 --- [http-nio-8282-exec-1] o.a.c.c.C.[Tomcat].[localhost].[/]       : Initializing Spring DispatcherServlet 'dispatcherServlet'
2021-02-27 21:07:41.225  WARN 9572 --- [http-nio-8282-exec-2] c.g.a.c.g.services.AbstractGoogleClient  : Application name is not set. Call Builder#setApplicationName.
2021-02-27 21:07:41.727  WARN 9572 --- [http-nio-8282-exec-2] tn.esprit.pi.services.GoogleCalService   : Exception while handling OAuth2 callback (null). Redirecting to google connection status page.
2021-02-27 21:11:10.017  INFO 14384 --- [main] tn.esprit.pi.KeedoAppApplication         : Starting KeedoAppApplication using Java 1.8.0_60 on DESKTOP-BU9ET8T with PID 14384 (C:\Products\workspace-sts\KeedoApp\target\classes started by User in C:\Products\workspace-sts\KeedoApp)
2021-02-27 21:11:10.023  INFO 14384 --- [main] tn.esprit.pi.KeedoAppApplication         : No active profile set, falling back to default profiles: default
2021-02-27 21:11:12.849  INFO 14384 --- [main] o.apache.catalina.core.StandardService   : Starting service [Tomcat]
2021-02-27 21:11:12.850  INFO 14384 --- [main] org.apache.catalina.core.StandardEngine  : Starting Servlet engine: [Apache Tomcat/9.0.43]
2021-02-27 21:11:13.332  INFO 14384 --- [main] o.a.c.c.C.[Tomcat].[localhost].[/]       : Initializing Spring embedded WebApplicationContext
2021-02-27 21:11:14.007  INFO 14384 --- [main] o.hibernate.jpa.internal.util.LogHelper  : HHH000204: Processing PersistenceUnitInfo [name: default]
2021-02-27 21:11:14.232  INFO 14384 --- [main] org.hibernate.Version                    : HHH000412: Hibernate ORM core version 5.4.28.Final
2021-02-27 21:11:14.460  INFO 14384 --- [main] o.hibernate.annotations.common.Version   : HCANN000001: Hibernate Commons Annotations {5.1.2.Final}
2021-02-27 21:11:15.121  INFO 14384 --- [main] org.hibernate.dialect.Dialect            : HHH000400: Using dialect: org.hibernate.dialect.MySQL5InnoDBDialect
2021-02-27 21:11:15.903  WARN 14384 --- [main] org.hibernate.mapping.RootClass          : HHH000038: Composite-id class does not override equals(): tn.esprit.pi.entities.ClaimPK
2021-02-27 21:11:15.904  WARN 14384 --- [main] org.hibernate.mapping.RootClass          : HHH000039: Composite-id class does not override hashCode(): tn.esprit.pi.entities.ClaimPK
2021-02-27 21:11:17.396  INFO 14384 --- [main] o.h.e.t.j.p.i.JtaPlatformInitiator       : HHH000490: Using JtaPlatform implementation: [org.hibernate.engine.transaction.jta.platform.internal.NoJtaPlatform]
2021-02-27 21:11:17.617  WARN 14384 --- [main] JpaBaseConfiguration$JpaWebConfiguration : spring.jpa.open-in-view is enabled by default. Therefore, database queries may be performed during view rendering. Explicitly configure spring.jpa.open-in-view to disable this warning
2021-02-27 21:11:21.788  INFO 14384 --- [main] tn.esprit.pi.KeedoAppApplication         : Started KeedoAppApplication in 12.516 seconds (JVM running for 14.085)
2021-02-27 21:11:30.689  INFO 14384 --- [http-nio-8282-exec-1] o.a.c.c.C.[Tomcat].[localhost].[/]       : Initializing Spring DispatcherServlet 'dispatcherServlet'
2021-02-27 21:11:37.345  WARN 14384 --- [http-nio-8282-exec-2] c.g.a.c.g.services.AbstractGoogleClient  : Application name is not set. Call Builder#setApplicationName.
2021-02-27 21:11:37.864  WARN 14384 --- [http-nio-8282-exec-2] tn.esprit.pi.services.GoogleCalService   : Exception while handling OAuth2 callback (null). Redirecting to google connection status page.
2021-02-27 21:12:42.347  INFO 8688 --- [main] tn.esprit.pi.KeedoAppApplication         : Starting KeedoAppApplication using Java 1.8.0_60 on DESKTOP-BU9ET8T with PID 8688 (C:\Products\workspace-sts\KeedoApp\target\classes started by User in C:\Products\workspace-sts\KeedoApp)
2021-02-27 21:12:42.351  INFO 8688 --- [main] tn.esprit.pi.KeedoAppApplication         : No active profile set, falling back to default profiles: default
2021-02-27 21:12:45.123  INFO 8688 --- [main] o.apache.catalina.core.StandardService   : Starting service [Tomcat]
2021-02-27 21:12:45.125  INFO 8688 --- [main] org.apache.catalina.core.StandardEngine  : Starting Servlet engine: [Apache Tomcat/9.0.43]
2021-02-27 21:12:45.439  INFO 8688 --- [main] o.a.c.c.C.[Tomcat].[localhost].[/]       : Initializing Spring embedded WebApplicationContext
2021-02-27 21:12:45.973  INFO 8688 --- [main] o.hibernate.jpa.internal.util.LogHelper  : HHH000204: Processing PersistenceUnitInfo [name: default]
2021-02-27 21:12:46.218  INFO 8688 --- [main] org.hibernate.Version                    : HHH000412: Hibernate ORM core version 5.4.28.Final
2021-02-27 21:12:46.459  INFO 8688 --- [main] o.hibernate.annotations.common.Version   : HCANN000001: Hibernate Commons Annotations {5.1.2.Final}
2021-02-27 21:12:47.115  INFO 8688 --- [main] org.hibernate.dialect.Dialect            : HHH000400: Using dialect: org.hibernate.dialect.MySQL5InnoDBDialect
2021-02-27 21:12:47.906  WARN 8688 --- [main] org.hibernate.mapping.RootClass          : HHH000038: Composite-id class does not override equals(): tn.esprit.pi.entities.ClaimPK
2021-02-27 21:12:47.908  WARN 8688 --- [main] org.hibernate.mapping.RootClass          : HHH000039: Composite-id class does not override hashCode(): tn.esprit.pi.entities.ClaimPK
2021-02-27 21:12:49.162  INFO 8688 --- [main] o.h.e.t.j.p.i.JtaPlatformInitiator       : HHH000490: Using JtaPlatform implementation: [org.hibernate.engine.transaction.jta.platform.internal.NoJtaPlatform]
2021-02-27 21:12:49.364  WARN 8688 --- [main] JpaBaseConfiguration$JpaWebConfiguration : spring.jpa.open-in-view is enabled by default. Therefore, database queries may be performed during view rendering. Explicitly configure spring.jpa.open-in-view to disable this warning
2021-02-27 21:12:51.837  INFO 8688 --- [main] tn.esprit.pi.KeedoAppApplication         : Started KeedoAppApplication in 10.412 seconds (JVM running for 11.808)
2021-02-27 21:13:04.245  INFO 8688 --- [http-nio-8282-exec-1] o.a.c.c.C.[Tomcat].[localhost].[/]       : Initializing Spring DispatcherServlet 'dispatcherServlet'
2021-02-27 21:13:10.889  WARN 8688 --- [http-nio-8282-exec-3] c.g.a.c.g.services.AbstractGoogleClient  : Application name is not set. Call Builder#setApplicationName.
2021-02-27 21:13:11.427  WARN 8688 --- [http-nio-8282-exec-3] tn.esprit.pi.services.GoogleCalService   : Exception while handling OAuth2 callback (null). Redirecting to google connection status page.
2021-02-27 21:15:09.605  INFO 16208 --- [main] tn.esprit.pi.KeedoAppApplication         : Starting KeedoAppApplication using Java 1.8.0_60 on DESKTOP-BU9ET8T with PID 16208 (C:\Products\workspace-sts\KeedoApp\target\classes started by User in C:\Products\workspace-sts\KeedoApp)
2021-02-27 21:15:09.613  INFO 16208 --- [main] tn.esprit.pi.KeedoAppApplication         : No active profile set, falling back to default profiles: default
2021-02-27 21:15:12.424  INFO 16208 --- [main] o.apache.catalina.core.StandardService   : Starting service [Tomcat]
2021-02-27 21:15:12.425  INFO 16208 --- [main] org.apache.catalina.core.StandardEngine  : Starting Servlet engine: [Apache Tomcat/9.0.43]
2021-02-27 21:15:12.725  INFO 16208 --- [main] o.a.c.c.C.[Tomcat].[localhost].[/]       : Initializing Spring embedded WebApplicationContext
2021-02-27 21:15:13.242  INFO 16208 --- [main] o.hibernate.jpa.internal.util.LogHelper  : HHH000204: Processing PersistenceUnitInfo [name: default]
2021-02-27 21:15:13.468  INFO 16208 --- [main] org.hibernate.Version                    : HHH000412: Hibernate ORM core version 5.4.28.Final
2021-02-27 21:15:13.725  INFO 16208 --- [main] o.hibernate.annotations.common.Version   : HCANN000001: Hibernate Commons Annotations {5.1.2.Final}
2021-02-27 21:15:14.329  INFO 16208 --- [main] org.hibernate.dialect.Dialect            : HHH000400: Using dialect: org.hibernate.dialect.MySQL5InnoDBDialect
2021-02-27 21:15:15.027  WARN 16208 --- [main] org.hibernate.mapping.RootClass          : HHH000038: Composite-id class does not override equals(): tn.esprit.pi.entities.ClaimPK
2021-02-27 21:15:15.028  WARN 16208 --- [main] org.hibernate.mapping.RootClass          : HHH000039: Composite-id class does not override hashCode(): tn.esprit.pi.entities.ClaimPK
2021-02-27 21:15:16.489  INFO 16208 --- [main] o.h.e.t.j.p.i.JtaPlatformInitiator       : HHH000490: Using JtaPlatform implementation: [org.hibernate.engine.transaction.jta.platform.internal.NoJtaPlatform]
2021-02-27 21:15:16.732  WARN 16208 --- [main] JpaBaseConfiguration$JpaWebConfiguration : spring.jpa.open-in-view is enabled by default. Therefore, database queries may be performed during view rendering. Explicitly configure spring.jpa.open-in-view to disable this warning
2021-02-27 21:15:19.421  INFO 16208 --- [main] tn.esprit.pi.KeedoAppApplication         : Started KeedoAppApplication in 10.577 seconds (JVM running for 11.961)
2021-02-27 21:15:31.853  INFO 16208 --- [http-nio-8282-exec-1] o.a.c.c.C.[Tomcat].[localhost].[/]       : Initializing Spring DispatcherServlet 'dispatcherServlet'
2021-02-27 21:15:37.761  WARN 16208 --- [http-nio-8282-exec-2] c.g.a.c.g.services.AbstractGoogleClient  : Application name is not set. Call Builder#setApplicationName.
2021-02-27 21:15:38.287  WARN 16208 --- [http-nio-8282-exec-2] tn.esprit.pi.services.GoogleCalService   : Exception while handling OAuth2 callback (null). Redirecting to google connection status page.
2021-02-27 21:26:03.626  INFO 584 --- [main] tn.esprit.pi.KeedoAppApplication         : Starting KeedoAppApplication using Java 1.8.0_60 on DESKTOP-BU9ET8T with PID 584 (C:\Products\workspace-sts\KeedoApp\target\classes started by User in C:\Products\workspace-sts\KeedoApp)
2021-02-27 21:26:03.631  INFO 584 --- [main] tn.esprit.pi.KeedoAppApplication         : No active profile set, falling back to default profiles: default
2021-02-27 21:26:06.457  INFO 584 --- [main] o.apache.catalina.core.StandardService   : Starting service [Tomcat]
2021-02-27 21:26:06.458  INFO 584 --- [main] org.apache.catalina.core.StandardEngine  : Starting Servlet engine: [Apache Tomcat/9.0.43]
2021-02-27 21:26:06.767  INFO 584 --- [main] o.a.c.c.C.[Tomcat].[localhost].[/]       : Initializing Spring embedded WebApplicationContext
2021-02-27 21:26:07.220  INFO 584 --- [main] o.hibernate.jpa.internal.util.LogHelper  : HHH000204: Processing PersistenceUnitInfo [name: default]
2021-02-27 21:26:07.481  INFO 584 --- [main] org.hibernate.Version                    : HHH000412: Hibernate ORM core version 5.4.28.Final
2021-02-27 21:26:07.736  INFO 584 --- [main] o.hibernate.annotations.common.Version   : HCANN000001: Hibernate Commons Annotations {5.1.2.Final}
2021-02-27 21:26:08.300  INFO 584 --- [main] org.hibernate.dialect.Dialect            : HHH000400: Using dialect: org.hibernate.dialect.MySQL5InnoDBDialect
2021-02-27 21:26:08.957  WARN 584 --- [main] org.hibernate.mapping.RootClass          : HHH000038: Composite-id class does not override equals(): tn.esprit.pi.entities.ClaimPK
2021-02-27 21:26:08.958  WARN 584 --- [main] org.hibernate.mapping.RootClass          : HHH000039: Composite-id class does not override hashCode(): tn.esprit.pi.entities.ClaimPK
2021-02-27 21:26:10.169  INFO 584 --- [main] o.h.e.t.j.p.i.JtaPlatformInitiator       : HHH000490: Using JtaPlatform implementation: [org.hibernate.engine.transaction.jta.platform.internal.NoJtaPlatform]
2021-02-27 21:26:10.423  WARN 584 --- [main] JpaBaseConfiguration$JpaWebConfiguration : spring.jpa.open-in-view is enabled by default. Therefore, database queries may be performed during view rendering. Explicitly configure spring.jpa.open-in-view to disable this warning
2021-02-27 21:26:13.321  INFO 584 --- [main] tn.esprit.pi.KeedoAppApplication         : Started KeedoAppApplication in 10.429 seconds (JVM running for 11.819)
2021-02-27 21:26:19.139  INFO 584 --- [http-nio-8282-exec-1] o.a.c.c.C.[Tomcat].[localhost].[/]       : Initializing Spring DispatcherServlet 'dispatcherServlet'
2021-02-27 21:26:25.548  WARN 584 --- [http-nio-8282-exec-3] c.g.a.c.g.services.AbstractGoogleClient  : Application name is not set. Call Builder#setApplicationName.
2021-02-27 21:26:26.337  WARN 584 --- [http-nio-8282-exec-3] tn.esprit.pi.services.GoogleCalService   : Exception while handling OAuth2 callback (400 Bad Request
{
  "code" : 400,
  "errors" : [ {
    "domain" : "global",
    "message" : "Start and end times must either both be date or both be dateTime.",
    "reason" : "invalid"
  } ],
  "message" : "Start and end times must either both be date or both be dateTime."
}). Redirecting to google connection status page.
2021-02-27 21:28:36.203  INFO 15772 --- [main] tn.esprit.pi.KeedoAppApplication         : Starting KeedoAppApplication using Java 1.8.0_60 on DESKTOP-BU9ET8T with PID 15772 (C:\Products\workspace-sts\KeedoApp\target\classes started by User in C:\Products\workspace-sts\KeedoApp)
2021-02-27 21:28:36.207  INFO 15772 --- [main] tn.esprit.pi.KeedoAppApplication         : No active profile set, falling back to default profiles: default
2021-02-27 21:28:38.907  INFO 15772 --- [main] o.apache.catalina.core.StandardService   : Starting service [Tomcat]
2021-02-27 21:28:38.908  INFO 15772 --- [main] org.apache.catalina.core.StandardEngine  : Starting Servlet engine: [Apache Tomcat/9.0.43]
2021-02-27 21:28:39.262  INFO 15772 --- [main] o.a.c.c.C.[Tomcat].[localhost].[/]       : Initializing Spring embedded WebApplicationContext
2021-02-27 21:28:39.949  INFO 15772 --- [main] o.hibernate.jpa.internal.util.LogHelper  : HHH000204: Processing PersistenceUnitInfo [name: default]
2021-02-27 21:28:40.070  INFO 15772 --- [main] org.hibernate.Version                    : HHH000412: Hibernate ORM core version 5.4.28.Final
2021-02-27 21:28:40.421  INFO 15772 --- [main] o.hibernate.annotations.common.Version   : HCANN000001: Hibernate Commons Annotations {5.1.2.Final}
2021-02-27 21:28:41.006  INFO 15772 --- [main] org.hibernate.dialect.Dialect            : HHH000400: Using dialect: org.hibernate.dialect.MySQL5InnoDBDialect
2021-02-27 21:28:41.673  WARN 15772 --- [main] org.hibernate.mapping.RootClass          : HHH000038: Composite-id class does not override equals(): tn.esprit.pi.entities.ClaimPK
2021-02-27 21:28:41.673  WARN 15772 --- [main] org.hibernate.mapping.RootClass          : HHH000039: Composite-id class does not override hashCode(): tn.esprit.pi.entities.ClaimPK
2021-02-27 21:28:42.896  INFO 15772 --- [main] o.h.e.t.j.p.i.JtaPlatformInitiator       : HHH000490: Using JtaPlatform implementation: [org.hibernate.engine.transaction.jta.platform.internal.NoJtaPlatform]
2021-02-27 21:28:43.134  WARN 15772 --- [main] JpaBaseConfiguration$JpaWebConfiguration : spring.jpa.open-in-view is enabled by default. Therefore, database queries may be performed during view rendering. Explicitly configure spring.jpa.open-in-view to disable this warning
2021-02-27 21:28:45.951  INFO 15772 --- [main] tn.esprit.pi.KeedoAppApplication         : Started KeedoAppApplication in 10.494 seconds (JVM running for 12.011)
2021-02-27 21:28:53.340  INFO 15772 --- [http-nio-8282-exec-1] o.a.c.c.C.[Tomcat].[localhost].[/]       : Initializing Spring DispatcherServlet 'dispatcherServlet'
2021-02-27 21:28:58.773  WARN 15772 --- [http-nio-8282-exec-2] c.g.a.c.g.services.AbstractGoogleClient  : Application name is not set. Call Builder#setApplicationName.
2021-02-27 21:38:46.623  INFO 14620 --- [main] tn.esprit.pi.KeedoAppApplication         : Starting KeedoAppApplication using Java 1.8.0_60 on DESKTOP-BU9ET8T with PID 14620 (C:\Products\workspace-sts\KeedoApp\target\classes started by User in C:\Products\workspace-sts\KeedoApp)
2021-02-27 21:38:46.626  INFO 14620 --- [main] tn.esprit.pi.KeedoAppApplication         : No active profile set, falling back to default profiles: default
2021-02-27 21:38:49.642  INFO 14620 --- [main] o.apache.catalina.core.StandardService   : Starting service [Tomcat]
2021-02-27 21:38:49.643  INFO 14620 --- [main] org.apache.catalina.core.StandardEngine  : Starting Servlet engine: [Apache Tomcat/9.0.43]
2021-02-27 21:38:49.991  INFO 14620 --- [main] o.a.c.c.C.[Tomcat].[localhost].[/]       : Initializing Spring embedded WebApplicationContext
2021-02-27 21:38:50.562  INFO 14620 --- [main] o.hibernate.jpa.internal.util.LogHelper  : HHH000204: Processing PersistenceUnitInfo [name: default]
2021-02-27 21:38:50.764  INFO 14620 --- [main] org.hibernate.Version                    : HHH000412: Hibernate ORM core version 5.4.28.Final
2021-02-27 21:38:51.004  INFO 14620 --- [main] o.hibernate.annotations.common.Version   : HCANN000001: Hibernate Commons Annotations {5.1.2.Final}
2021-02-27 21:38:51.589  INFO 14620 --- [main] org.hibernate.dialect.Dialect            : HHH000400: Using dialect: org.hibernate.dialect.MySQL5InnoDBDialect
2021-02-27 21:38:52.317  WARN 14620 --- [main] org.hibernate.mapping.RootClass          : HHH000038: Composite-id class does not override equals(): tn.esprit.pi.entities.ClaimPK
2021-02-27 21:38:52.317  WARN 14620 --- [main] org.hibernate.mapping.RootClass          : HHH000039: Composite-id class does not override hashCode(): tn.esprit.pi.entities.ClaimPK
2021-02-27 21:38:53.495  INFO 14620 --- [main] o.h.e.t.j.p.i.JtaPlatformInitiator       : HHH000490: Using JtaPlatform implementation: [org.hibernate.engine.transaction.jta.platform.internal.NoJtaPlatform]
2021-02-27 21:38:53.653  WARN 14620 --- [main] JpaBaseConfiguration$JpaWebConfiguration : spring.jpa.open-in-view is enabled by default. Therefore, database queries may be performed during view rendering. Explicitly configure spring.jpa.open-in-view to disable this warning
2021-02-27 21:38:56.579  INFO 14620 --- [main] tn.esprit.pi.KeedoAppApplication         : Started KeedoAppApplication in 10.781 seconds (JVM running for 12.255)
2021-02-27 21:39:05.021  INFO 14620 --- [http-nio-8282-exec-1] o.a.c.c.C.[Tomcat].[localhost].[/]       : Initializing Spring DispatcherServlet 'dispatcherServlet'
2021-02-27 21:56:27.289  INFO 7656 --- [main] tn.esprit.pi.KeedoAppApplication         : Starting KeedoAppApplication using Java 1.8.0_60 on DESKTOP-BU9ET8T with PID 7656 (C:\Products\workspace-sts\KeedoApp\target\classes started by User in C:\Products\workspace-sts\KeedoApp)
2021-02-27 21:56:27.302  INFO 7656 --- [main] tn.esprit.pi.KeedoAppApplication         : No active profile set, falling back to default profiles: default
2021-02-27 21:56:30.249  INFO 7656 --- [main] o.apache.catalina.core.StandardService   : Starting service [Tomcat]
2021-02-27 21:56:30.250  INFO 7656 --- [main] org.apache.catalina.core.StandardEngine  : Starting Servlet engine: [Apache Tomcat/9.0.43]
2021-02-27 21:56:30.552  INFO 7656 --- [main] o.a.c.c.C.[Tomcat].[localhost].[/]       : Initializing Spring embedded WebApplicationContext
2021-02-27 21:56:31.056  INFO 7656 --- [main] o.hibernate.jpa.internal.util.LogHelper  : HHH000204: Processing PersistenceUnitInfo [name: default]
2021-02-27 21:56:31.285  INFO 7656 --- [main] org.hibernate.Version                    : HHH000412: Hibernate ORM core version 5.4.28.Final
2021-02-27 21:56:31.526  INFO 7656 --- [main] o.hibernate.annotations.common.Version   : HCANN000001: Hibernate Commons Annotations {5.1.2.Final}
2021-02-27 21:56:32.111  INFO 7656 --- [main] org.hibernate.dialect.Dialect            : HHH000400: Using dialect: org.hibernate.dialect.MySQL5InnoDBDialect
2021-02-27 21:56:32.799  WARN 7656 --- [main] org.hibernate.mapping.RootClass          : HHH000038: Composite-id class does not override equals(): tn.esprit.pi.entities.ClaimPK
2021-02-27 21:56:32.800  WARN 7656 --- [main] org.hibernate.mapping.RootClass          : HHH000039: Composite-id class does not override hashCode(): tn.esprit.pi.entities.ClaimPK
2021-02-27 21:56:34.139  INFO 7656 --- [main] o.h.e.t.j.p.i.JtaPlatformInitiator       : HHH000490: Using JtaPlatform implementation: [org.hibernate.engine.transaction.jta.platform.internal.NoJtaPlatform]
2021-02-27 21:56:34.364  WARN 7656 --- [main] JpaBaseConfiguration$JpaWebConfiguration : spring.jpa.open-in-view is enabled by default. Therefore, database queries may be performed during view rendering. Explicitly configure spring.jpa.open-in-view to disable this warning
2021-02-27 21:56:37.017  INFO 7656 --- [main] tn.esprit.pi.KeedoAppApplication         : Started KeedoAppApplication in 10.425 seconds (JVM running for 11.925)
2021-02-27 21:56:56.386  INFO 7656 --- [http-nio-8282-exec-1] o.a.c.c.C.[Tomcat].[localhost].[/]       : Initializing Spring DispatcherServlet 'dispatcherServlet'
2021-02-27 21:57:05.037  WARN 7656 --- [http-nio-8282-exec-2] c.g.a.c.g.services.AbstractGoogleClient  : Application name is not set. Call Builder#setApplicationName.
2021-02-27 22:55:13.321  INFO 15296 --- [main] tn.esprit.pi.KeedoAppApplication         : Starting KeedoAppApplication using Java 1.8.0_60 on DESKTOP-BU9ET8T with PID 15296 (C:\Products\workspace-sts\KeedoApp\target\classes started by User in C:\Products\workspace-sts\KeedoApp)
2021-02-27 22:55:13.328  INFO 15296 --- [main] tn.esprit.pi.KeedoAppApplication         : No active profile set, falling back to default profiles: default
2021-02-27 22:55:17.789  INFO 15296 --- [main] o.apache.catalina.core.StandardService   : Starting service [Tomcat]
2021-02-27 22:55:17.790  INFO 15296 --- [main] org.apache.catalina.core.StandardEngine  : Starting Servlet engine: [Apache Tomcat/9.0.43]
2021-02-27 22:55:18.124  INFO 15296 --- [main] o.a.c.c.C.[Tomcat].[localhost].[/]       : Initializing Spring embedded WebApplicationContext
2021-02-27 22:55:19.121  INFO 15296 --- [main] o.hibernate.jpa.internal.util.LogHelper  : HHH000204: Processing PersistenceUnitInfo [name: default]
2021-02-27 22:55:19.393  INFO 15296 --- [main] org.hibernate.Version                    : HHH000412: Hibernate ORM core version 5.4.28.Final
2021-02-27 22:55:19.724  INFO 15296 --- [main] o.hibernate.annotations.common.Version   : HCANN000001: Hibernate Commons Annotations {5.1.2.Final}
2021-02-27 22:55:20.473  INFO 15296 --- [main] org.hibernate.dialect.Dialect            : HHH000400: Using dialect: org.hibernate.dialect.MySQL5InnoDBDialect
2021-02-27 22:55:21.256 ERROR 15296 --- [main] j.LocalContainerEntityManagerFactoryBean : Failed to initialize JPA EntityManagerFactory: mappedBy reference an unknown target entity property: tn.esprit.pi.entities.Consultation.doctor in tn.esprit.pi.entities.User.consultations
2021-02-27 22:55:21.258  WARN 15296 --- [main] ConfigServletWebServerApplicationContext : Exception encountered during context initialization - cancelling refresh attempt: org.springframework.beans.factory.BeanCreationException: Error creating bean with name 'entityManagerFactory' defined in class path resource [org/springframework/boot/autoconfigure/orm/jpa/HibernateJpaConfiguration.class]: Invocation of init method failed; nested exception is org.hibernate.AnnotationException: mappedBy reference an unknown target entity property: tn.esprit.pi.entities.Consultation.doctor in tn.esprit.pi.entities.User.consultations
2021-02-27 22:55:21.293  INFO 15296 --- [main] o.apache.catalina.core.StandardService   : Stopping service [Tomcat]
2021-02-27 22:55:21.468 ERROR 15296 --- [main] o.s.boot.SpringApplication               : Application run failed

org.springframework.beans.factory.BeanCreationException: Error creating bean with name 'entityManagerFactory' defined in class path resource [org/springframework/boot/autoconfigure/orm/jpa/HibernateJpaConfiguration.class]: Invocation of init method failed; nested exception is org.hibernate.AnnotationException: mappedBy reference an unknown target entity property: tn.esprit.pi.entities.Consultation.doctor in tn.esprit.pi.entities.User.consultations
	at org.springframework.beans.factory.support.AbstractAutowireCapableBeanFactory.initializeBean(AbstractAutowireCapableBeanFactory.java:1786) ~[spring-beans-5.3.4.jar:5.3.4]
	at org.springframework.beans.factory.support.AbstractAutowireCapableBeanFactory.doCreateBean(AbstractAutowireCapableBeanFactory.java:602) ~[spring-beans-5.3.4.jar:5.3.4]
	at org.springframework.beans.factory.support.AbstractAutowireCapableBeanFactory.createBean(AbstractAutowireCapableBeanFactory.java:524) ~[spring-beans-5.3.4.jar:5.3.4]
	at org.springframework.beans.factory.support.AbstractBeanFactory.lambda$doGetBean$0(AbstractBeanFactory.java:335) ~[spring-beans-5.3.4.jar:5.3.4]
	at org.springframework.beans.factory.support.DefaultSingletonBeanRegistry.getSingleton(DefaultSingletonBeanRegistry.java:234) ~[spring-beans-5.3.4.jar:5.3.4]
	at org.springframework.beans.factory.support.AbstractBeanFactory.doGetBean(AbstractBeanFactory.java:333) ~[spring-beans-5.3.4.jar:5.3.4]
	at org.springframework.beans.factory.support.AbstractBeanFactory.getBean(AbstractBeanFactory.java:208) ~[spring-beans-5.3.4.jar:5.3.4]
	at org.springframework.context.support.AbstractApplicationContext.getBean(AbstractApplicationContext.java:1153) ~[spring-context-5.3.4.jar:5.3.4]
	at org.springframework.context.support.AbstractApplicationContext.finishBeanFactoryInitialization(AbstractApplicationContext.java:907) ~[spring-context-5.3.4.jar:5.3.4]
	at org.springframework.context.support.AbstractApplicationContext.refresh(AbstractApplicationContext.java:582) ~[spring-context-5.3.4.jar:5.3.4]
	at org.springframework.boot.web.servlet.context.ServletWebServerApplicationContext.refresh(ServletWebServerApplicationContext.java:144) ~[spring-boot-2.4.3.jar:2.4.3]
	at org.springframework.boot.SpringApplication.refresh(SpringApplication.java:767) [spring-boot-2.4.3.jar:2.4.3]
	at org.springframework.boot.SpringApplication.refresh(SpringApplication.java:759) [spring-boot-2.4.3.jar:2.4.3]
	at org.springframework.boot.SpringApplication.refreshContext(SpringApplication.java:426) [spring-boot-2.4.3.jar:2.4.3]
	at org.springframework.boot.SpringApplication.run(SpringApplication.java:326) [spring-boot-2.4.3.jar:2.4.3]
	at org.springframework.boot.SpringApplication.run(SpringApplication.java:1311) [spring-boot-2.4.3.jar:2.4.3]
	at org.springframework.boot.SpringApplication.run(SpringApplication.java:1300) [spring-boot-2.4.3.jar:2.4.3]
	at tn.esprit.pi.KeedoAppApplication.main(KeedoAppApplication.java:10) [classes/:na]
Caused by: org.hibernate.AnnotationException: mappedBy reference an unknown target entity property: tn.esprit.pi.entities.Consultation.doctor in tn.esprit.pi.entities.User.consultations
	at org.hibernate.cfg.annotations.CollectionBinder.bindStarToManySecondPass(CollectionBinder.java:848) ~[hibernate-core-5.4.28.Final.jar:5.4.28.Final]
	at org.hibernate.cfg.annotations.CollectionBinder$1.secondPass(CollectionBinder.java:799) ~[hibernate-core-5.4.28.Final.jar:5.4.28.Final]
	at org.hibernate.cfg.CollectionSecondPass.doSecondPass(CollectionSecondPass.java:53) ~[hibernate-core-5.4.28.Final.jar:5.4.28.Final]
	at org.hibernate.boot.internal.InFlightMetadataCollectorImpl.processSecondPasses(InFlightMetadataCollectorImpl.java:1693) ~[hibernate-core-5.4.28.Final.jar:5.4.28.Final]
	at org.hibernate.boot.internal.InFlightMetadataCollectorImpl.processSecondPasses(InFlightMetadataCollectorImpl.java:1661) ~[hibernate-core-5.4.28.Final.jar:5.4.28.Final]
	at org.hibernate.boot.model.process.spi.MetadataBuildingProcess.complete(MetadataBuildingProcess.java:295) ~[hibernate-core-5.4.28.Final.jar:5.4.28.Final]
	at org.hibernate.jpa.boot.internal.EntityManagerFactoryBuilderImpl.metadata(EntityManagerFactoryBuilderImpl.java:1224) ~[hibernate-core-5.4.28.Final.jar:5.4.28.Final]
	at org.hibernate.jpa.boot.internal.EntityManagerFactoryBuilderImpl.build(EntityManagerFactoryBuilderImpl.java:1255) ~[hibernate-core-5.4.28.Final.jar:5.4.28.Final]
	at org.springframework.orm.jpa.vendor.SpringHibernateJpaPersistenceProvider.createContainerEntityManagerFactory(SpringHibernateJpaPersistenceProvider.java:58) ~[spring-orm-5.3.4.jar:5.3.4]
	at org.springframework.orm.jpa.LocalContainerEntityManagerFactoryBean.createNativeEntityManagerFactory(LocalContainerEntityManagerFactoryBean.java:365) ~[spring-orm-5.3.4.jar:5.3.4]
	at org.springframework.orm.jpa.AbstractEntityManagerFactoryBean.buildNativeEntityManagerFactory(AbstractEntityManagerFactoryBean.java:409) ~[spring-orm-5.3.4.jar:5.3.4]
	at org.springframework.orm.jpa.AbstractEntityManagerFactoryBean.afterPropertiesSet(AbstractEntityManagerFactoryBean.java:396) ~[spring-orm-5.3.4.jar:5.3.4]
	at org.springframework.orm.jpa.LocalContainerEntityManagerFactoryBean.afterPropertiesSet(LocalContainerEntityManagerFactoryBean.java:341) ~[spring-orm-5.3.4.jar:5.3.4]
	at org.springframework.beans.factory.support.AbstractAutowireCapableBeanFactory.invokeInitMethods(AbstractAutowireCapableBeanFactory.java:1845) ~[spring-beans-5.3.4.jar:5.3.4]
	at org.springframework.beans.factory.support.AbstractAutowireCapableBeanFactory.initializeBean(AbstractAutowireCapableBeanFactory.java:1782) ~[spring-beans-5.3.4.jar:5.3.4]
	... 17 common frames omitted

2021-02-27 23:00:01.685  INFO 2500 --- [main] tn.esprit.pi.KeedoAppApplication         : Starting KeedoAppApplication using Java 1.8.0_60 on DESKTOP-BU9ET8T with PID 2500 (C:\Products\workspace-sts\KeedoApp\target\classes started by User in C:\Products\workspace-sts\KeedoApp)
2021-02-27 23:00:01.691  INFO 2500 --- [main] tn.esprit.pi.KeedoAppApplication         : No active profile set, falling back to default profiles: default
2021-02-27 23:00:04.712  INFO 2500 --- [main] o.apache.catalina.core.StandardService   : Starting service [Tomcat]
2021-02-27 23:00:04.713  INFO 2500 --- [main] org.apache.catalina.core.StandardEngine  : Starting Servlet engine: [Apache Tomcat/9.0.43]
2021-02-27 23:00:05.082  INFO 2500 --- [main] o.a.c.c.C.[Tomcat].[localhost].[/]       : Initializing Spring embedded WebApplicationContext
2021-02-27 23:00:05.756  INFO 2500 --- [main] o.hibernate.jpa.internal.util.LogHelper  : HHH000204: Processing PersistenceUnitInfo [name: default]
2021-02-27 23:00:06.180  INFO 2500 --- [main] org.hibernate.Version                    : HHH000412: Hibernate ORM core version 5.4.28.Final
2021-02-27 23:00:06.509  INFO 2500 --- [main] o.hibernate.annotations.common.Version   : HCANN000001: Hibernate Commons Annotations {5.1.2.Final}
2021-02-27 23:00:07.179  INFO 2500 --- [main] org.hibernate.dialect.Dialect            : HHH000400: Using dialect: org.hibernate.dialect.MySQL5InnoDBDialect
2021-02-27 23:00:08.048  WARN 2500 --- [main] org.hibernate.mapping.RootClass          : HHH000038: Composite-id class does not override equals(): tn.esprit.pi.entities.ClaimPK
2021-02-27 23:00:08.049  WARN 2500 --- [main] org.hibernate.mapping.RootClass          : HHH000039: Composite-id class does not override hashCode(): tn.esprit.pi.entities.ClaimPK
2021-02-27 23:00:11.465  INFO 2500 --- [main] o.h.e.t.j.p.i.JtaPlatformInitiator       : HHH000490: Using JtaPlatform implementation: [org.hibernate.engine.transaction.jta.platform.internal.NoJtaPlatform]
2021-02-27 23:00:11.668  WARN 2500 --- [main] JpaBaseConfiguration$JpaWebConfiguration : spring.jpa.open-in-view is enabled by default. Therefore, database queries may be performed during view rendering. Explicitly configure spring.jpa.open-in-view to disable this warning
2021-02-27 23:00:14.092  INFO 2500 --- [main] tn.esprit.pi.KeedoAppApplication         : Started KeedoAppApplication in 13.187 seconds (JVM running for 14.902)
2021-02-27 23:03:55.662  INFO 15168 --- [main] tn.esprit.pi.KeedoAppApplication         : Starting KeedoAppApplication using Java 1.8.0_60 on DESKTOP-BU9ET8T with PID 15168 (C:\Products\workspace-sts\KeedoApp\target\classes started by User in C:\Products\workspace-sts\KeedoApp)
2021-02-27 23:03:55.667  INFO 15168 --- [main] tn.esprit.pi.KeedoAppApplication         : No active profile set, falling back to default profiles: default
2021-02-27 23:03:58.511  INFO 15168 --- [main] o.apache.catalina.core.StandardService   : Starting service [Tomcat]
2021-02-27 23:03:58.512  INFO 15168 --- [main] org.apache.catalina.core.StandardEngine  : Starting Servlet engine: [Apache Tomcat/9.0.43]
2021-02-27 23:03:58.779  INFO 15168 --- [main] o.a.c.c.C.[Tomcat].[localhost].[/]       : Initializing Spring embedded WebApplicationContext
2021-02-27 23:03:59.260  INFO 15168 --- [main] o.hibernate.jpa.internal.util.LogHelper  : HHH000204: Processing PersistenceUnitInfo [name: default]
2021-02-27 23:03:59.465  INFO 15168 --- [main] org.hibernate.Version                    : HHH000412: Hibernate ORM core version 5.4.28.Final
2021-02-27 23:03:59.716  INFO 15168 --- [main] o.hibernate.annotations.common.Version   : HCANN000001: Hibernate Commons Annotations {5.1.2.Final}
2021-02-27 23:04:00.385  INFO 15168 --- [main] org.hibernate.dialect.Dialect            : HHH000400: Using dialect: org.hibernate.dialect.MySQL5InnoDBDialect
2021-02-27 23:04:01.270  WARN 15168 --- [main] org.hibernate.mapping.RootClass          : HHH000038: Composite-id class does not override equals(): tn.esprit.pi.entities.ClaimPK
2021-02-27 23:04:01.271  WARN 15168 --- [main] org.hibernate.mapping.RootClass          : HHH000039: Composite-id class does not override hashCode(): tn.esprit.pi.entities.ClaimPK
2021-02-27 23:04:04.114  INFO 15168 --- [main] o.h.e.t.j.p.i.JtaPlatformInitiator       : HHH000490: Using JtaPlatform implementation: [org.hibernate.engine.transaction.jta.platform.internal.NoJtaPlatform]
2021-02-27 23:04:04.298  WARN 15168 --- [main] JpaBaseConfiguration$JpaWebConfiguration : spring.jpa.open-in-view is enabled by default. Therefore, database queries may be performed during view rendering. Explicitly configure spring.jpa.open-in-view to disable this warning
2021-02-27 23:04:07.157  INFO 15168 --- [main] tn.esprit.pi.KeedoAppApplication         : Started KeedoAppApplication in 12.226 seconds (JVM running for 13.67)
2021-02-27 23:15:36.561  INFO 10808 --- [main] tn.esprit.pi.KeedoAppApplication         : Starting KeedoAppApplication using Java 1.8.0_60 on DESKTOP-BU9ET8T with PID 10808 (C:\Products\workspace-sts\KeedoApp\target\classes started by User in C:\Products\workspace-sts\KeedoApp)
2021-02-27 23:15:36.564  INFO 10808 --- [main] tn.esprit.pi.KeedoAppApplication         : No active profile set, falling back to default profiles: default
2021-02-27 23:15:39.311  INFO 10808 --- [main] o.apache.catalina.core.StandardService   : Starting service [Tomcat]
2021-02-27 23:15:39.313  INFO 10808 --- [main] org.apache.catalina.core.StandardEngine  : Starting Servlet engine: [Apache Tomcat/9.0.43]
2021-02-27 23:15:39.597  INFO 10808 --- [main] o.a.c.c.C.[Tomcat].[localhost].[/]       : Initializing Spring embedded WebApplicationContext
2021-02-27 23:15:40.108  INFO 10808 --- [main] o.hibernate.jpa.internal.util.LogHelper  : HHH000204: Processing PersistenceUnitInfo [name: default]
2021-02-27 23:15:40.456  INFO 10808 --- [main] org.hibernate.Version                    : HHH000412: Hibernate ORM core version 5.4.28.Final
2021-02-27 23:15:40.777  INFO 10808 --- [main] o.hibernate.annotations.common.Version   : HCANN000001: Hibernate Commons Annotations {5.1.2.Final}
2021-02-27 23:15:41.362  INFO 10808 --- [main] org.hibernate.dialect.Dialect            : HHH000400: Using dialect: org.hibernate.dialect.MySQL5InnoDBDialect
2021-02-27 23:15:42.040  WARN 10808 --- [main] org.hibernate.mapping.RootClass          : HHH000038: Composite-id class does not override equals(): tn.esprit.pi.entities.ClaimPK
2021-02-27 23:15:42.041  WARN 10808 --- [main] org.hibernate.mapping.RootClass          : HHH000039: Composite-id class does not override hashCode(): tn.esprit.pi.entities.ClaimPK
2021-02-27 23:15:43.284  INFO 10808 --- [main] o.h.e.t.j.p.i.JtaPlatformInitiator       : HHH000490: Using JtaPlatform implementation: [org.hibernate.engine.transaction.jta.platform.internal.NoJtaPlatform]
2021-02-27 23:15:43.493  WARN 10808 --- [main] JpaBaseConfiguration$JpaWebConfiguration : spring.jpa.open-in-view is enabled by default. Therefore, database queries may be performed during view rendering. Explicitly configure spring.jpa.open-in-view to disable this warning
2021-02-27 23:15:46.461  INFO 10808 --- [main] tn.esprit.pi.KeedoAppApplication         : Started KeedoAppApplication in 10.612 seconds (JVM running for 12.076)
2021-02-27 23:16:56.325  INFO 10808 --- [http-nio-8282-exec-2] o.a.c.c.C.[Tomcat].[localhost].[/]       : Initializing Spring DispatcherServlet 'dispatcherServlet'
